111111111111 67
111101111111 60
111011111111 59
111110111111 59
111111011111 59
111111101111 58
110111111111 55
111111110111 55
111011011111 52
111100111111 52
111101011111 52
111010111111 51
111011101111 51
111101101111 51
111110011111 51
111110101111 51
111111001111 51
111111111011 51
111001111111 50
111011110111 50
111101110111 50
110110111111 49
110111011111 49
110111111011 49
111010011111 49
111011001111 49
111110110111 49
111111010111 49
111111100111 49
101111111111 48
110011111111 48
110111101111 48
111000111111 48
111100011111 48
111101001111 48
111101100111 48
111110001111 48
101111111101 47
110101111111 47
110110011111 47
110111110111 47
111011111011 47
111101111011 47
111110100111 47
111111000111 47
101111111011 46
110100111111 46
111110111011 46
111111011011 46
111111101011 46
111111110011 46
110001111111 45
110111111101 45
111110110011 45
111111010011 45
111111100011 45
001111111100 44
101110111111 44
101111011111 44
101111110111 44
110011110111 44
110011111011 44
110101111011 44
111001011111 44
111001101111 44
111010101111 44
111011100111 44
111100101111 44
111111111101 44
100111111111 43
101011111101 43
101101111101 43
101101111111 43
101111101111 43
110010111111 43
110011011111 43
110011101111 43
110100111011 43
110110111011 43
110111001111 43
110111011011 43
111001110111 43
111010110111 43
111011010111 43
111011111101 43
111100110111 43
111101010111 43
111110010111 43
011111111101 42
011111111110 42
101100111101 42
101100111111 42
101110111101 42
101111011101 42
101111101101 42
101111110101 42
110010011111 42
110011001111 42
110101011111 42
110101101111 42
110101110111 42
110110001111 42
110110101111 42
110110110111 42
110111010111 42
110111100111 42
110111101011 42
110111110011 42
111000011111 42
111000101111 42
111001001111 42
111010001111 42
111010111011 42
111011000111 42
111011011011 42
111011110011 42
111101000111 42
111101110011 42
111110000111 42
000111111000 41
001111101100 41
001111110100 41
001111111000 41
001111111110 41
011111111111 41
100111111011 41
100111111101 41
101001111101 41
101001111111 41
101011111111 41
101101111011 41
101110111011 41
101111011011 41
101111101011 41
101111111110 41
110100011111 41
110100101111 41
110101001111 41
110101111101 41
110110010111 41
110110011011 41
110110100111 41
110110110011 41
110111000111 41
110111010011 41
110111100011 41
111000110111 41
111001100111 41
111001111011 41
111010010111 41
111010011011 41
111010100111 41
111010110011 41
111011010011 41
111011100011 41
111011101011 41
111100001111 41
111100010111 41
111100100111 41
111100111011 41
111101011011 41
111101100011 41
111101101011 41
111101111101 41
111110011011 41
111110101011 41
111110111101 41
111111000011 41
111111001011 41
111111111110 41
000111111100 40
010111111010 40
011011111110 40
011111110110 40
011111111010 40
011111111011 40
011111111100 40
100011111111 40
100111110111 40
100111111001 40
100111111110 40
101011111011 40
101100111011 40
101110011111 40
110000111111 40
110001011111 40
110001101111 40
110001110111 40
110001111011 40
110011010111 40
110011111101 40
110100110011 40
110100110111 40
110101100111 40
110110010011 40
110110111101 40
110111011101 40
110111101101 40
111000111011 40
111010010011 40
111011001011 40
111100011011 40
111100110011 40
111101001011 40
111101010011 40
111110001011 40
111110010011 40
111110100011 40
111111011001 40
111111011101 40
111111101001 40
111111101101 40
111111110001 40
111111110101 40
111111111001 40
001011111100 39
001101111100 39
001110111100 39
001111011100 39
010011111010 39
010011111110 39
010111111101 39
010111111110 39
011001111110 39
011011111101 39
011101111101 39
011101111110 39
011111011110 39
011111101110 39
011111110111 39
100100111111 39
100101111111 39
100110011111 39
100110111111 39
100111011001 39
100111011111 39
100111101001 39
100111101111 39
101001111011 39
101011110101 39
101100110111 39
101101101111 39
101101110111 39
101110001111 39
101110100111 39
101110101111 39
101110110111 39
101111001111 39
101111010111 39
101111100011 39
110001001111 39
110001100111 39
110011101011 39
110100100111 39
110100111101 39
110101011011 39
110110011101 39
110111111110 39
111000100111 39
111000110011 39
111100010011 39
111111111000 39
111111111100 39
001001111100 38
001100111100 38
001111110110 38
001111111010 38
010011111101 38
010111110101 38
011001111101 38
011011110110 38
011110111101 38
011110111110 38
011110111111 38
011111011001 38
011111011101 38
011111101001 38
011111101100 38
011111101101 38
011111101111 38
011111110001 38
011111110100 38
011111110101 38
011111111001 38
100110011001 38
100111011011 38
100111110011 38
101010111101 38
101011011101 38
101011101101 38
101011101111 38
101011110111 38
101100011111 38
101100100111 38
101100101111 38
101100110011 38
101101001111 38
101101011101 38
101101011111 38
101101100111 38
101101110101 38
101110101101 38
101110110011 38
101111000111 38
101111010011 38
101111011001 38
101111100111 38
101111110011 38
101111110110 38
101111111010 38
110010101111 38
110010110111 38
110010111011 38
110011001011 38
110011011011 38
110011100111 38
110011110011 38
110011111110 38
111001101011 38
111001111101 38
111010011101 38
111010111101 38
111011011101 38
111011111110 38
111100011001 38
000111101100 37
000111110100 37
000111111110 37
001001111110 37
001011111110 37
001100111110 37
001101111110 37
001110111110 37
001111001100 37
001111011110 37
001111100100 37
001111101110 37
010011110110 37
011001110110 37
011001111011 37
011011111011 37
011100111110 37
011101111111 37
011110110011 37
011110111011 37
011111000110 37
011111011111 37
011111111000 37
100011111011 37
100011111101 37
100011111110 37
100100110011 37
100100111101 37
100101111101 37
100110011011 37
100110011101 37
100110101111 37
100110110011 37
100110111011 37
100110111101 37
100111010011 37
100111011101 37
100111101011 37
100111101101 37
100111101110 37
100111110101 37
100111110110 37
100111111010 37
101000111111 37
101001001111 37
101001011111 37
101001100111 37
101001101101 37
101001101111 37
101001110111 37
101001111110 37
101010011101 37
101010011111 37
101010111111 37
101011001101 37
101011001111 37
101011011111 37
101011111110 37
101100110101 37
101100111110 37
101101101011 37
101101101101 37
101101111110 37
101110011101 37
101110110101 37
101110111110 37
101111001101 37
101111010101 37
101111100101 37
101111101001 37
101111101110 37
101111110001 37
101111111001 37
110001111101 37
110010001111 37
110010010111 37
110010011011 37
110010100111 37
110010110011 37
110011000111 37
110011010011 37
110011100011 37
110011111001 37
110101101011 37
110101110011 37
110110000111 37
110110011001 37
110110101011 37
110111001011 37
110111011001 37
110111101001 37
110111110001 37
110111110101 37
110111110110 37
110111111001 37
111000111101 37
111001010111 37
111010000111 37
111010011001 37
111011001001 37
111011001101 37
111011011001 37
111011101001 37
111011101101 37
111011110001 37
111011111001 37
111100011101 37
111100111101 37
111101011001 37
111101011101 37
111101110001 37
111101111001 37
111101111110 37
111110110001 37
111110111001 37
111110111110 37
111111011110 37
111111100001 37
000011111000 36
001001110100 36
001011101100 36
001011110100 36
001011111000 36
001101101100 36
001101110100 36
001101111000 36
001110100100 36
001110101100 36
001110110100 36
001110111000 36
001111000100 36
001111010100 36
001111011000 36
001111101000 36
001111110000 36
010011101001 36
010011101101 36
010011110100 36
010011111100 36
010101111010 36
010110011110 36
010110111101 36
010111101010 36
010111110110 36
011001001110 36
011001100110 36
011001101110 36
011001111010 36
011001111100 36
011001111111 36
011010011110 36
011010111101 36
011010111110 36
011011101101 36
011011111010 36
011101100110 36
011101110110 36
011101111010 36
011101111011 36
011110100110 36
011110110010 36
011110110110 36
011110111010 36
011111010010 36
011111010011 36
011111010110 36
011111011010 36
011111011011 36
011111011100 36
011111100010 36
011111100011 36
011111100110 36
011111101010 36
011111101011 36
011111110010 36
011111110011 36
100001111111 36
100010011111 36
100010111111 36
100011001111 36
100011011111 36
100011101111 36
100011110111 36
100100111011 36
100100111110 36
100101100111 36
100101111011 36
100101111110 36
100110010011 36
100110010111 36
100110011110 36
100110111110 36
100111010111 36
100111011110 36
100111100011 36
100111110001 36
100111111100 36
101000111101 36
101001011101 36
101001110101 36
101001110110 36
101010011011 36
101011011011 36
101011111010 36
101100011101 36
101100101101 36
101101001101 36
101101011011 36
101101100101 36
101110001101 36
101110011011 36
101110100101 36
101110101011 36
101111000101 36
101111001011 36
101111011110 36
110001111110 36
110010010011 36
110010011101 36
110010111101 36
110011011001 36
110011011101 36
110011110101 36
110100001111 36
110100011011 36
110100101011 36
110100111110 36
110101001011 36
110101010011 36
110101010111 36
110101100011 36
110101101101 36
110101111110 36
110110001011 36
110110011110 36
110110100011 36
110110111110 36
110111000011 36
111001001011 36
111001011011 36
111001110011 36
111010100011 36
111010101011 36
111011000011 36
111011110101 36
111100000111 36
111100101011 36
111101000011 36
111101001001 36
111101001101 36
111101100101 36
111101101001 36
111101101101 36
111101110101 36
111110000011 36
111110001001 36
111110001101 36
111110011001 36
111110011101 36
111110100101 36
111110101001 36
111110101101 36
111110110101 36
111111000101 36
111111001001 36
111111001101 36
111111010001 36
111111010101 36
111111100101 36
111111101100 36
111111101110 36
111111110000 36
111111110110 36
000011111100 35
000101111000 35
000101111100 35
000110111000 35
000110111100 35
000111011000 35
000111011100 35
000111101000 35
000111110000 35
001001100100 35
001001100110 35
001001101100 35
001001111000 35
001001111010 35
001011001100 35
001011111010 35
001100101100 35
001100110010 35
001100110100 35
001100110110 35
001100111000 35
001101001100 35
001101100100 35
001101100110 35
001101110110 35
001110001100 35
001110011100 35
001110100110 35
001110110010 35
001111000110 35
001111010010 35
001111011001 35
001111100010 35
001111100110 35
001111101001 35
001111110001 35
001111110010 35
001111111001 35
001111111111 35
010001111110 35
010010011001 35
010010011110 35
010010111110 35
010011001001 35
010011001101 35
010011001110 35
010011011001 35
010011011110 35
010011101110 35
010011111001 35
010011111111 35
010100111010 35
010100111101 35
010100111110 35
010101111101 35
010101111110 35
010110011101 35
010110111010 35
010110111110 35
010111011010 35
010111011101 35
010111011110 35
010111101101 35
010111101110 35
010111110001 35
010111110010 35
010111111100 35
011000111110 35
011001011101 35
011001011110 35
011001100101 35
011001100111 35
011001110101 35
011001111001 35
011010011101 35
011011001101 35
011011001110 35
011011011101 35
011011011110 35
011011101110 35
011011110101 35
011011111100 35
011011111111 35
011100011111 35
011101001001 35
011101001101 35
011101001110 35
011101001111 35
011101011110 35
011101100111 35
011101101001 35
011101101101 35
011101101110 35
011101101111 35
011101110111 35
011101111100 35
011110001110 35
011110011001 35
011110011101 35
011110100111 35
011110101110 35
011110110111 35
011110111100 35
011111000111 35
011111001110 35
011111010111 35
011111100111 35
100011110001 35
100100011111 35
100100100111 35
100100101111 35
100100110111 35
100101001111 35
100101011111 35
100101101111 35
100101110111 35
100101111001 35
100110001111 35
100110100111 35
100110110111 35
100110111001 35
100111000111 35
100111001001 35
100111001111 35
100111100111 35
101000111011 35
101001001011 35
101001001101 35
101001011011 35
101001100101 35
101001101011 35
101001111010 35
101010110111 35
101010111011 35
101011001011 35
101011101011 35
101011110110 35
101100001111 35
101100011011 35
101100100101 35
101100101011 35
101101001011 35
101101010111 35
101101111010 35
101110000111 35
101110001011 35
110000011111 35
110000101111 35
110000110111 35
110000111011 35
110001010011 35
110001010111 35
110001011011 35
110001101011 35
110001110011 35
110010011001 35
110011001001 35
110011001101 35
110011101001 35
110011101101 35
110011110001 35
110100010011 35
110100010111 35
110100100011 35
110101000111 35
110101001101 35
110101011101 35
110110101101 35
110111001101 35
110111011110 35
110111101110 35
111000001111 35
111000010111 35
111000011011 35
111000101011 35
111000111110 35
111001000111 35
111001010011 35
111001100011 35
111001111110 35
111010001011 35
111010111110 35
111100001011 35
111100100011 35
111110001100 35
111110111100 35
111111011100 35
111111110100 35
111111111010 35
000100111100 34
000110011100 34
000111001100 34
000111110110 34
000111111010 34
001001001100 34
001001110110 34
001010011100 34
001010111100 34
001011011100 34
001011110110 34
001100100100 34
001100100110 34
001100101110 34
001100111010 34
001101011100 34
001101011110 34
001101111010 34
001110011110 34
001110110110 34
001110111010 34
001111001110 34
001111010110 34
001111011010 34
001111101010 34
010001111010 34
010001111101 34
010010011010 34
010010011101 34
010010111010 34
010010111101 34
010011001100 34
010011010010 34
010011011010 34
010011011101 34
010011101010 34
010011101100 34
010011110001 34
010011110010 34
010011110101 34
010101110101 34
010110011001 34
010110011010 34
010110110010 34
010111010010 34
010111011001 34
010111100010 34
010111101001 34
010111101100 34
010111111001 34
010111111111 34
011000111101 34
011001001001 34
011001001101 34
011001001111 34
011001011001 34
011001101001 34
011001101100 34
011001101101 34
011001110001 34
011001110111 34
011010011001 34
011011001001 34
011011001111 34
011011011001 34
011011101001 34
011011110001 34
011011110100 34
011011111001 34
011100011001 34
011100011101 34
011100011110 34
011100111101 34
011101011001 34
011101011101 34
011101011111 34
011101100100 34
011101100101 34
011101110001 34
011101110100 34
011101110101 34
011101111001 34
011110001001 34
011110001100 34
011110001101 34
011110001111 34
011110011110 34
011110011111 34
011110100100 34
011110100101 34
011110101001 34
011110101100 34
011110101101 34
011110101111 34
011110110001 34
011110110100 34
011110110101 34
011110111001 34
011111000100 34
011111000101 34
011111001001 34
011111001100 34
011111001101 34
011111001111 34
011111010001 34
011111010100 34
011111010101 34
011111011000 34
011111100001 34
011111100100 34
011111100101 34
011111101000 34
011111110000 34
100010010011 34
100010011001 34
100011001001 34
100011010011 34
100011011001 34
100011101001 34
100011110011 34
100011110110 34
100011111001 34
100011111010 34
100011111100 34
100100101101 34
100100111001 34
100100111010 34
100101011001 34
100101011101 34
100101101001 34
100101110101 34
100101111010 34
100110010010 34
100110100101 34
100110101001 34
100110110010 34
100110110110 34
100111010010 34
100111100110 34
100111101100 34
100111110010 34
100111110100 34
101000110011 34
101001010011 34
101001011001 34
101001100011 34
101001100110 34
101001110011 34
101001111001 34
101010010011 34
101010010111 34
101010110011 34
101011010011 34
101011010111 34
101011011110 34
101011100011 34
101011101001 34
101011110011 34
101100010011 34
101100010111 34
101100011110 34
101100100011 34
101100111010 34
101101000111 34
101101010011 34
101101100011 34
101101110011 34
101101110110 34
101110010011 34
101110010111 34
101110100011 34
101110101001 34
101110110110 34
101110111010 34
101111000011 34
101111010001 34
101111010110 34
101111011010 34
101111101010 34
110000100111 34
110000110011 34
110001000111 34
110001001001 34
110001001011 34
110001100011 34
110001100101 34
110001101001 34
110001111001 34
110010011110 34
110010111110 34
110011001110 34
110011011110 34
110011101110 34
110011110110 34
110011111100 34
110100011101 34
110100101101 34
110110001101 34
110110110101 34
111000010011 34
111000100011 34
111010011110 34
111011001110 34
111011011110 34
111011101110 34
111100011110 34
111101001100 34
111101001110 34
111101100110 34
111101111100 34
111110001110 34
111110011110 34
111110100110 34
111110111000 34
111111000110 34
111111011000 34
000011111110 33
000100111000 33
000100111110 33
000101111110 33
000110011000 33
000110011110 33
000110111110 33
000111011110 33
000111101110 33
000111111111 33
001000111100 33
001000111110 33
001001001110 33
001001011100 33
001001011110 33
001001101110 33
001001111111 33
001010011110 33
001010111110 33
001011001110 33
001011011110 33
001011101110 33
001011110010 33
001100011100 33
001100011110 33
001100110011 33
001100111111 33
001101001110 33
001101101110 33
001110001110 33
001110010010 33
001110101110 33
001110110011 33
001111010011 33
001111100011 33
001111101111 33
001111110011 33
001111110111 33
001111111011 33
001111111101 33
010001100110 33
010001110110 33
010010010110 33
010010011111 33
010010100110 33
010010110010 33
010010110110 33
010011000110 33
010011001010 33
010011001111 33
010011010110 33
010011100010 33
010011100110 33
010011111000 33
010011111011 33
010100110010 33
010100110110 33
010110010010 33
010110010101 33
010110110101 33
010111010101 33
010111010110 33
010111100101 33
010111110100 33
010111110111 33
010111111000 33
010111111011 33
011000111100 33
011000111111 33
011001001010 33
011001001100 33
011001011111 33
011001100100 33
011001101010 33
011001101111 33
011001110100 33
011001111000 33
011010010110 33
011010011111 33
011010110110 33
011010111011 33
011011001011 33
011011001100 33
011011010110 33
011011011010 33
011011011111 33
011011100110 33
011011101011 33
011011101100 33
011011101111 33
011011110111 33
011011111000 33
011100010010 33
011100011010 33
011100100110 33
011100110010 33
011100110110 33
011100111010 33
011100111111 33
011101001100 33
011101010011 33
011101011011 33
011101101100 33
011101111000 33
011110100011 33
011110111000 33
011111000011 33
100001110011 33
100001111011 33
100001111101 33
100001111110 33
100010011011 33
100010011101 33
100010011110 33
100010100111 33
100010110011 33
100010111011 33
100010111101 33
100010111110 33
100011001011 33
100011001101 33
100011001110 33
100011011011 33
100011011101 33
100011011110 33
100011100011 33
100011101011 33
100011101101 33
100011101110 33
100011110101 33
100100011001 33
100100011101 33
100100100101 33
100100100110 33
100100101001 33
100100110010 33
100100110101 33
100100110110 33
100101001001 33
100101001101 33
100101010011 33
100101100101 33
100101100110 33
100101101101 33
100101110011 33
100101110110 33
100110001001 33
100110001011 33
100110001101 33
100110010101 33
100110010110 33
100110011010 33
100110100110 33
100110101011 33
100110101101 33
100110110101 33
100110111010 33
100111000101 33
100111000110 33
100111001011 33
100111001101 33
100111010101 33
100111010110 33
100111011010 33
100111100010 33
100111100101 33
100111101010 33
101000011111 33
101000100111 33
101000101111 33
101000110111 33
101000111110 33
101001000111 33
101001001001 33
101001001110 33
101001010111 33
101001011110 33
101001101001 33
101001101110 33
101001110001 33
101010001111 33
101010011001 33
101010011110 33
101010100111 33
101010101101 33
101010101111 33
101010110101 33
101010111110 33
101011000111 33
101011001001 33
101011001110 33
101011010101 33
101011011001 33
101011100111 33
101011101110 33
101011110001 33
101011111001 33
101100011001 33
101100100110 33
101100101001 33
101100101110 33
101100110001 33
101100110010 33
101100110110 33
101100111001 33
101101001001 33
101101001110 33
101101010101 33
101101011001 33
101101011110 33
101101100110 33
101101101001 33
101101101110 33
101101110001 33
101101111001 33
101110001001 33
101110011001 33
101110100110 33
101110110001 33
101110110010 33
101110111001 33
101111000110 33
101111001001 33
101111010010 33
101111100001 33
101111100010 33
101111100110 33
101111110010 33
110000111001 33
110000111101 33
110001001101 33
110001011001 33
110001011101 33
110001101101 33
110001110001 33
110001110101 33
110001111100 33
110010000111 33
110010001011 33
110010101011 33
110100011001 33
110100100101 33
110100100110 33
110100101001 33
110100110001 33
110100110101 33
110100110110 33
110100111001 33
110101001001 33
110101011001 33
110101100101 33
110101100110 33
110101101001 33
110101110001 33
110101110101 33
110101110110 33
110101111001 33
110110001001 33
110110010001 33
110110010101 33
110110100101 33
110110101001 33
110110110001 33
110110111001 33
110111000101 33
110111001001 33
110111010001 33
110111010101 33
110111100001 33
110111100101 33
110111111010 33
110111111100 33
111000011001 33
111000011101 33
111000101001 33
111000101101 33
111000110001 33
111000110010 33
111000111001 33
111001001001 33
111001001101 33
111001011001 33
111001011101 33
111001100101 33
111001101001 33
111001101101 33
111001110001 33
111001110101 33
111001111001 33
111010001001 33
111010001101 33
111010010001 33
111010101001 33
111010101101 33
111010110001 33
111010111001 33
111011001100 33
111011010001 33
111011100001 33
111011110110 33
111011111010 33
111011111100 33
111100010001 33
111100110001 33
111100111001 33
111100111110 33
111101010001 33
111101011110 33
111101100001 33
111101100100 33
111101101100 33
111101101110 33
111101110110 33
111101111000 33
111110100001 33
111110100100 33
111110101100 33
111110101110 33
111110110010 33
111110110110 33
111111000001 33
111111000100 33
111111001100 33
111111001110 33
111111010010 33
111111010110 33
111111100000 33
111111100010 33
111111100110 33
111111101000 33
000011101100 32
000011110000 32
000011110100 32
000101101100 32
000101110100 32
000110101100 32
000110110100 32
000111000100 32
000111010100 32
000111100100 32
000111110001 32
001001011010 32
001001101001 32
001001110010 32
001010110010 32
001010111010 32
001011001010 32
001011010010 32
001011100010 32
001011111111 32
001100100111 32
001101111111 32
001110001001 32
001110010100 32
001110011000 32
001110011001 32
001110011010 32
001110111111 32
001111001000 32
001111011111 32
001111100001 32
010001111100 32
010001111111 32
010010010010 32
010010010011 32
010010011100 32
010010110011 32
010010111100 32
010010111111 32
010011011100 32
010011011111 32
010011100100 32
010011101111 32
010011110111 32
010100100110 32
010100101110 32
010100110101 32
010100111111 32
010101001110 32
010101011101 32
010101100101 32
010101100110 32
010101101110 32
010101110110 32
010110010110 32
010110011111 32
010110100101 32
010110100110 32
010110110110 32
010111000101 32
010111000110 32
010111011111 32
010111100110 32
010111101111 32
011000011110 32
011000100111 32
011000101110 32
011000110010 32
011000110011 32
011000110110 32
011000111010 32
011000111011 32
011001000111 32
011001001011 32
011001010010 32
011001010011 32
011001010101 32
011001010110 32
011001010111 32
011001011010 32
011001011011 32
011001011100 32
011001100010 32
011001100011 32
011001101011 32
011001110010 32
011001110011 32
011010010010 32
011010010011 32
011010011010 32
011010011011 32
011010100110 32
011010101101 32
011010110010 32
011010110011 32
011010111010 32
011010111111 32
011011000110 32
011011001010 32
011011010010 32
011011010011 32
011011011011 32
011011100010 32
011011100011 32
011011101010 32
011011110010 32
011011110011 32
011100010011 32
011100010110 32
011100011011 32
011100110011 32
011100110101 32
011100111011 32
011100111100 32
011101000110 32
011101001010 32
011101001011 32
011101010010 32
011101010110 32
011101011010 32
011101100010 32
011101100011 32
011101101010 32
011101101011 32
011101110010 32
011101110011 32
011110000110 32
011110001010 32
011110001011 32
011110010010 32
011110010011 32
011110010110 32
011110011010 32
011110011011 32
011110100010 32
011110101010 32
011110101011 32
011111000010 32
011111001010 32
011111001011 32
100000111111 32
100001001111 32
100001011111 32
100001100111 32
100001101111 32
100001110111 32
100010001111 32
100010010111 32
100010101111 32
100010110111 32
100011000111 32
100011001100 32
100011010111 32
100011100111 32
100011101100 32
100011110100 32
100100010011 32
100100011011 32
100100011110 32
100100100011 32
100100101011 32
100100101110 32
100100110001 32
100100111100 32
100101001011 32
100101001110 32
100101011011 32
100101011110 32
100101100011 32
100101101011 32
100101101110 32
100101110001 32
100101111100 32
100110000111 32
100110001110 32
100110010001 32
100110011100 32
100110100011 32
100110101110 32
100110110001 32
100110111100 32
100111000011 32
100111001110 32
100111010001 32
100111011100 32
100111100001 32
101010001101 32
101010111010 32
101011100101 32
101011101010 32
101100010101 32
101110001110 32
101110010101 32
101110011110 32
101110101110 32
101111001110 32
110000111110 32
110001001110 32
110001011110 32
110001100110 32
110001101110 32
110001110110 32
110010010101 32
110010100011 32
110010100101 32
110010110101 32
110010111001 32
110011000011 32
110011000101 32
110011001100 32
110011010101 32
110011100101 32
110011101100 32
110011111010 32
110100000111 32
110100011110 32
110101011110 32
110110010110 32
110110100110 32
110110101110 32
110110110110 32
110111000110 32
110111010110 32
110111100110 32
110111110100 32
111000100100 32
111000100101 32
111000100110 32
111000110101 32
111001111100 32
111010010101 32
111010100101 32
111010100110 32
111010110101 32
111011000101 32
111011010101 32
111011100101 32
111011101100 32
111011110100 32
111011111000 32
111100001001 32
111100001100 32
111100001101 32
111100001110 32
111100010101 32
111100011100 32
111100100101 32
111100101001 32
111100101101 32
111100110101 32
111101000101 32
111101010101 32
111101110100 32
111101111010 32
111110000101 32
111110000110 32
111110010001 32
111110010101 32
111110011100 32
111110110100 32
111110111010 32
111111010100 32
111111011010 32
111111100100 32
111111101010 32
111111110010 32
000011001100 31
000100100110 31
000100101100 31
000100110010 31
000100110100 31
000100111111 31
000101001100 31
000101100100 31
000110001100 31
000110010100 31
000110011111 31
000110100100 31
000111000110 31
000111001110 31
000111100010 31
001000100110 31
001000101100 31
001000110010 31
001000110100 31
001000111010 31
001001000110 31
001001001001 31
001001001010 31
001001001111 31
001001010010 31
001001010100 31
001001011001 31
001001100010 31
001001100111 31
001001101010 31
001001110001 31
001001111001 31
001001111101 31
001010010010 31
001010011001 31
001010011010 31
001010101100 31
001010110100 31
001010111000 31
001011001001 31
001011001111 31
001011010100 31
001011011000 31
001011011001 31
001011011010 31
001011100100 31
001011101000 31
001011101001 31
001011101010 31
001011110000 31
001011110001 31
001011111001 31
001100010010 31
001100010100 31
001100011001 31
001100100010 31
001100101001 31
001100110001 31
001100111001 31
001100111011 31
001100111101 31
001101001001 31
001101001111 31
001101010010 31
001101010100 31
001101010110 31
001101011000 31
001101011001 31
001101100010 31
001101100111 31
001101101000 31
001101101001 31
001101110000 31
001101110001 31
001101110010 31
001101111001 31
001110000100 31
001110000110 31
001110010110 31
001110100010 31
001110100111 31
001110101000 31
001110101001 31
001110110000 31
001110110001 31
001110110111 31
001110111001 31
001111000010 31
001111000111 31
001111001001 31
001111010000 31
001111010001 31
001111011101 31
001111100000 31
001111100111 31
010000111110 31
010001001100 31
010001001110 31
010001011001 31
010001011110 31
010001101100 31
010001101110 31
010001110001 31
010001110100 31
010010001101 31
010010001110 31
010010011011 31
010010101001 31
010010101101 31
010010101110 31
010010110100 31
010010110101 31
010010111001 31
010011001011 31
010011010011 31
010011010100 31
010011011011 31
010011100011 31
010011110011 31
010100011101 31
010100011110 31
010100100101 31
010100100111 31
010100101101 31
010100110011 31
010100111001 31
010100111100 31
010101001101 31
010101011010 31
010101011110 31
010101101010 31
010101101101 31
010101111100 31
010101111111 31
010110001101 31
010110001110 31
010110010011 31
010110011011 31
010110011100 31
010110101010 31
010110101101 31
010110101110 31
010110111100 31
010110111111 31
010111001010 31
010111001101 31
010111001110 31
010111010011 31
010111011100 31
010111101011 31
011000100101 31
011000100110 31
011000101001 31
011000110101 31
011000110111 31
011001000101 31
011001000110 31
011010001110 31
011010001111 31
011010010101 31
011010010111 31
011010011100 31
011010100101 31
011010100111 31
011010101110 31
011010110101 31
011010111100 31
011011000101 31
011011000111 31
011011010101 31
011011010111 31
011011011100 31
011011100101 31
011100001001 31
011100001101 31
011100001110 31
011100001111 31
011100010111 31
011100011100 31
011100100100 31
011100100101 31
011100100111 31
011100101001 31
011100101101 31
011100101110 31
011100101111 31
011100110100 31
011100110111 31
011101000111 31
011101010111 31
011101011100 31
011110000111 31
011110010001 31
011110010111 31
011110011100 31
100010110010 31
100011001010 31
100011100010 31
100011100110 31
100011111000 31
100100001111 31
100100010111 31
100100110100 31
100101000111 31
100101010111 31
100101101010 31
100111100100 31
101000011011 31
101000011101 31
101000101011 31
101000101101 31
101000110101 31
101000110110 31
101001010101 31
101001010110 31
101010001011 31
101010010101 31
101010100101 31
101010101011 31
101011000101 31
101011011010 31
101100000111 31
101100001101 31
101100101010 31
101101000101 31
101110000101 31
101110011010 31
101111101100 31
101111110100 31
101111111000 31
101111111100 31
110001100100 31
110001111010 31
110010001001 31
110010001101 31
110010010001 31
110010010010 31
110010010110 31
110010101001 31
110010101101 31
110010101110 31
110010110001 31
110011010001 31
110011100001 31
110011111000 31
110100001011 31
110100101110 31
110100110010 31
110100111100 31
110101000011 31
110101001110 31
110101101110 31
110110000011 31
110110001110 31
110110010010 31
110110011010 31
110111001110 31
110111101100 31
110111111000 31
111000110100 31
111000110110 31
111000111010 31
111000111100 31
111001001100 31
111001011110 31
111001100100 31
111001100110 31
111010000011 31
111010001110 31
111010010010 31
111010010110 31
111010011100 31
111010110110 31
111011000110 31
111100000011 31
111100010010 31
111100010110 31
111100011000 31
111100100110 31
111100110010 31
111100111100 31
111101000110 31
111101001000 31
111101011100 31
111110001000 31
111110011000 31
111110110000 31
111111010000 31
000001111000 30
000001111100 30
000010111000 30
000010111100 30
000011011000 30
000011011100 30
000011100100 30
000011100110 30
000011101000 30
000011110110 30
000011111010 30
000011111111 30
000100100100 30
000100110110 30
000100111010 30
000101001110 30
000101011100 30
000101100110 30
000101110110 30
000101111010 30
000101111111 30
000110010010 30
000110010011 30
000110010110 30
000110011001 30
000110011010 30
000110100110 30
000110110010 30
000110110110 30
000110111010 30
000110111111 30
000111001000 30
000111010010 30
000111010110 30
000111011010 30
000111011111 30
000111100011 30
000111100110 30
000111101010 30
000111101111 30
000111110010 30
000111110111 30
000111111011 30
000111111101 30
001000011100 30
001000110110 30
001000111000 30
001000111111 30
001001001101 30
001001010110 30
001001011000 30
001001011111 30
001001101000 30
001001101111 30
001001110000 30
001001110111 30
001001111011 30
001010001100 30
001010001110 30
001010010100 30
001010010110 30
001010011000 30
001010011111 30
001010100100 30
001010100110 30
001010110110 30
001011000100 30
001011000110 30
001011001000 30
001011010110 30
001011100110 30
001011111101 30
001100001100 30
001100001110 30
001100010110 30
001100011000 30
001100011010 30
001100011111 30
001100100101 30
001100101000 30
001100101010 30
001100101111 30
001100110000 30
001100110111 30
001101000100 30
001101000110 30
001101001000 30
001101001010 30
001101011010 30
001101011111 30
001101101010 30
001101111011 30
001101111101 30
001110001000 30
001110001010 30
001110001111 30
001110010011 30
001110011111 30
001110101010 30
001110101111 30
001110111011 30
001110111101 30
001111001010 30
001111010111 30
001111011011 30
001111101011 30
001111101101 30
001111110101 30
010000111001 30
010000111101 30
010001001001 30
010001001101 30
010001001111 30
010001011101 30
010001100100 30
010001100101 30
010001100111 30
010001101001 30
010001101101 30
010001110101 30
010001111000 30
010001111001 30
010001111011 30
010010001001 30
010010001100 30
010010001111 30
010010010001 30
010010010100 30
010010010101 30
010010010111 30
010010100100 30
010010100101 30
010010100111 30
010010101100 30
010010110001 30
010010111011 30
010011000100 30
010011000101 30
010011000111 30
010011010001 30
010011010101 30
010011100001 30
010011100101 30
010011101011 30
010100011001 30
010100101001 30
010100110001 30
010100110111 30
010100111011 30
010101001001 30
010101011001 30
010101100111 30
010101101001 30
010101110001 30
010101110010 30
010101110100 30
010101111001 30
010110001001 30
010110001010 30
010110001111 30
010110010001 30
010110010111 30
010110100111 30
010110101001 30
010110110001 30
010110110011 30
010110110111 30
010110111001 30
010110111011 30
010111000111 30
010111001001 30
010111010001 30
010111010100 30
010111011011 30
010111100001 30
010111100011 30
011000011001 30
011000011101 30
011000011111 30
011000101101 30
011000101111 30
011000110001 30
011000111001 30
011001010001 30
011001100001 30
011010001001 30
011010001101 30
011010010001 30
011010101001 30
011010101111 30
011010110001 30
011010110111 30
011010111001 30
011011010001 30
011011100001 30
011011100111 30
011100010001 30
011100010100 30
011100010101 30
011100101100 30
011100110001 30
011100111000 30
011100111001 30
011101000100 30
011101000101 30
011101010001 30
011101010100 30
011101010101 30
011101100001 30
011110000100 30
011110000101 30
011110001000 30
011110010100 30
011110010101 30
011110100001 30
011110101000 30
011111000001 30
011111001000 30
011111010000 30
100001100110 30
100001110001 30
100001110110 30
100001111010 30
100001111100 30
100010001001 30
100010010010 30
100010010110 30
100010011010 30
100010011100 30
100010100110 30
100010101001 30
100010110001 30
100010110110 30
100010111001 30
100010111010 30
100010111100 30
100011000110 30
100011010001 30
100011010010 30
100011010110 30
100011011010 30
100011011100 30
100011101010 30
100011110010 30
100100010110 30
100100011010 30
100100100100 30
100100101010 30
100100101100 30
100101001010 30
100101001100 30
100101010101 30
100101011010 30
100101100100 30
100101101100 30
100101110010 30
100101110100 30
100110001100 30
100110010100 30
100110100100 30
100110101100 30
100110110100 30
100111000100 30
100111001100 30
100111010100 30
100111111000 30
101000010011 30
101000100011 30
101000100101 30
101000100110 30
101000111001 30
101000111010 30
101001000011 30
101001000101 30
101001000110 30
101001001100 30
101001011010 30
101001101010 30
101001110010 30
101001111100 30
101010000111 30
101010010110 30
101010011010 30
101010100011 30
101010100110 30
101010101110 30
101010110110 30
101011000011 30
101011000110 30
101011001010 30
101011010110 30
101011100110 30
101100001011 30
101100011010 30
101100111100 30
101101000011 30
101101001010 30
101101010110 30
101101011010 30
101101101010 30
101110000011 30
101110001010 30
101110010110 30
101110101010 30
101111001010 30
110000001111 30
110000010111 30
110000011011 30
110000101011 30
110000110001 30
110001001100 30
110001101100 30
110001110100 30
110001111000 30
110010001110 30
110010011010 30
110010011100 30
110010100110 30
110010110010 30
110010110110 30
110010111010 30
110010111100 30
110011000110 30
110011001010 30
110011010010 30
110011010110 30
110011011100 30
110011100010 30
110011100110 30
110011110010 30
110011110100 30
110100100100 30
110100101100 30
110100111010 30
110101111010 30
110101111100 30
110110011100 30
110110110010 30
110110111010 30
110111010010 30
110111011010 30
110111100010 30
111000000111 30
111000001011 30
111000011100 30
111000011110 30
111000101100 30
111000101110 30
111000111000 30
111001000011 30
111001001110 30
111001101100 30
111001101110 30
111001110100 30
111001110110 30
111001111000 30
111001111010 30
111010001100 30
111010010100 30
111010011000 30
111010011010 30
111010100100 30
111010101110 30
111010110010 30
111010111100 30
111011000100 30
111011001000 30
111011001010 30
111011010010 30
111011010110 30
111011011100 30
111011100010 30
111011100110 30
111100010100 30
111100011010 30
111100100100 30
111100101100 30
111100101110 30
111100110110 30
111100111000 30
111100111010 30
111101000100 30
111101001010 30
111101010010 30
111101010110 30
111101011000 30
111101100010 30
111101101000 30
111101110000 30
111110000100 30
111110001010 30
111110010010 30
111110010110 30
111110100010 30
111110101000 30
111111000010 30
111111001000 30
000001111110 29
000010011100 29
000010011110 29
000010111110 29
000011001110 29
000011011110 29
000011101110 29
000100011100 29
000100011110 29
000100100111 29
000100101110 29
000100110011 29
000101011000 29
000101011110 29
000101101000 29
000101101110 29
000101110000 29
000110001110 29
000110100111 29
000110101000 29
000110101110 29
000110110000 29
000110110011 29
000111001111 29
000111010000 29
000111010011 29
000111011001 29
000111100000 29
000111101001 29
001000011110 29
001000100100 29
001000101110 29
001000110011 29
001001000100 29
001001001000 29
001001010011 29
001001100011 29
001001100101 29
001010010011 29
001010101110 29
001010111111 29
001011011111 29
001011101111 29
001011110111 29
001011111011 29
001100010011 29
001100100011 29
001100101011 29
001101001011 29
001101010011 29
001101100011 29
001101100101 29
001101101111 29
001101110011 29
001101110111 29
001110001101 29
001110100011 29
001111000011 29
001111001111 29
010000100110 29
010000110110 29
010000111010 29
010000111111 29
010001000110 29
010001010110 29
010001011010 29
010001011111 29
010001101010 29
010001101111 29
010001110010 29
010001110111 29
010010000110 29
010010011000 29
010010101010 29
010010101111 29
010010110111 29
010010111000 29
010011000011 29
010011001000 29
010011010111 29
010011011000 29
010011100111 29
010011101000 29
010011110000 29
010100001110 29
010100011010 29
010100011111 29
010100100100 29
010100101010 29
010100101100 29
010100101111 29
010100110100 29
010100111000 29
010101001010 29
010101001100 29
010101001111 29
010101010010 29
010101100010 29
010101100100 29
010101101100 29
010101101111 29
010101110111 29
010101111000 29
010101111011 29
010110001100 29
010110010100 29
010110011000 29
010110100010 29
010110100100 29
010110101100 29
010110101111 29
010110110100 29
010110111000 29
010111000010 29
010111000100 29
010111001100 29
010111001111 29
010111010111 29
010111011000 29
010111100100 29
010111100111 29
010111101000 29
010111110000 29
010111110011 29
011000011100 29
011000100100 29
011000101010 29
011000101100 29
011000110100 29
011000111000 29
011001000011 29
011001000100 29
011001001000 29
011001010100 29
011001011000 29
011001101000 29
011001110000 29
011010001011 29
011010001100 29
011010010100 29
011010011000 29
011010100100 29
011010101011 29
011010101100 29
011010110100 29
011010111000 29
011011000011 29
011011000100 29
011011001000 29
011011010100 29
011011011000 29
011011100100 29
011011101000 29
011011110000 29
011100001100 29
011100011000 29
011100100010 29
011100101010 29
011101000011 29
011101001000 29
011101011000 29
011101101000 29
011101110000 29
011110000011 29
011110011000 29
011110110000 29
011111100000 29
100000110011 29
100000111001 29
100000111011 29
100000111101 29
100000111110 29
100001001001 29
100001001011 29
100001001101 29
100001001110 29
100001010011 29
100001011001 29
100001011011 29
100001011101 29
100001011110 29
100001100011 29
100001100101 29
100001101001 29
100001101011 29
100001101101 29
100001101110 29
100001110010 29
100001110101 29
100001111001 29
100010000111 29
100010001011 29
100010001101 29
100010001110 29
100010010001 29
100010010101 29
100010100011 29
100010100101 29
100010101011 29
100010101101 29
100010101110 29
100010110101 29
100011000011 29
100011000101 29
100011010101 29
100011100001 29
100011100101 29
100100001011 29
100100001101 29
100100001110 29
100100010010 29
100100010101 29
100100100010 29
100101000101 29
100101000110 29
100101010010 29
100101010110 29
100101100010 29
100110000101 29
100110000110 29
100110001010 29
100110100010 29
100110101010 29
100111000010 29
100111001010 29
101000001111 29
101000010111 29
101000011001 29
101000011110 29
101000101001 29
101000101110 29
101000110001 29
101000110010 29
101001001010 29
101001010001 29
101001010010 29
101001100001 29
101001100010 29
101001100100 29
101001101100 29
101001110100 29
101010001001 29
101010001110 29
101010010001 29
101010010010 29
101010101001 29
101010110001 29
101010110010 29
101010111001 29
101011010001 29
101011010010 29
101011100001 29
101011100010 29
101011110010 29
101100001001 29
101100001110 29
101100010001 29
101100010010 29
101100010110 29
101100100001 29
101100100010 29
101100100100 29
101101000110 29
101101010001 29
101101010010 29
101101100001 29
101101100010 29
101101110010 29
101110000110 29
101110010001 29
101110010010 29
101110100001 29
101110100010 29
101111000001 29
101111000010 29
110000010011 29
110000011001 29
110000011101 29
110000100011 29
110000100101 29
110000101001 29
110000101101 29
110000110010 29
110000110101 29
110000111100 29
110001000011 29
110001000101 29
110001001010 29
110001010001 29
110001010010 29
110001010101 29
110001011100 29
110001100001 29
110001100010 29
110010011000 29
110011001000 29
110011011010 29
110011101010 29
110100001001 29
110100001101 29
110100001110 29
110100010001 29
110100010101 29
110100010110 29
110100100001 29
110100110100 29
110100111000 29
110101000101 29
110101000110 29
110101001100 29
110101010001 29
110101010101 29
110101010110 29
110101100001 29
110101100100 29
110110000101 29
110110001100 29
110110010100 29
110110011000 29
110110100001 29
110110100100 29
110110111100 29
110111000001 29
110111000100 29
110111011100 29
110111101000 29
110111101010 29
110111110010 29
111000001001 29
111000001101 29
111000010001 29
111000010010 29
111000100001 29
111000100010 29
111001000101 29
111001010001 29
111001100001 29
111010100001 29
111010101100 29
111010110100 29
111010111000 29
111010111010 29
111011000001 29
111011010100 29
111011011000 29
111011011010 29
111011100100 29
111011101000 29
111011101010 29
111011110000 29
111011110010 29
111100000110 29
111100100001 29
111100110100 29
111101000001 29
111101010100 29
111101011010 29
111101101010 29
111101110010 29
111110000001 29
111110010100 29
111110011010 29
111110101010 29
111111000000 29
111111001010 29
000010011000 28
000010011111 28
000011001000 28
000011001111 28
000011100111 28
000100011111 28
000100101111 28
000100110001 28
000100110111 28
000100111011 28
000100111101 28
000101001111 28
000101100111 28
000101110001 28
000110001111 28
000110010001 28
000110010111 28
000110011011 28
000110011101 28
000110110001 28
000111000111 28
000111001001 28
000111001010 28
000111010001 28
000111100001 28
000111100111 28
000111110011 28
000111111001 28
001000100111 28
001000111101 28
001001000111 28
001001001011 28
001001011101 28
001001100001 28
001001101101 28
001001110011 28
001001110101 28
001010011101 28
001010100111 28
001010110011 28
001011000111 28
001011001101 28
001011010011 28
001011100001 28
001011100011 28
001011110101 28
001100010111 28
001100011011 28
001100011101 28
001100100001 28
001100101101 28
001100110101 28
001101000111 28
001101001101 28
001101100001 28
001101101101 28
001110001011 28
001110010001 28
001110010111 28
001110011011 28
001110011101 28
001110100001 28
001110100101 28
001111000001 28
001111000101 28
010000110010 28
010000110011 28
010000111100 28
010001001010 28
010001001011 28
010001010010 28
010001010011 28
010001011100 28
010001100010 28
010001100011 28
010001110011 28
010010001010 28
010010001011 28
010010100010 28
010010100011 28
010011000010 28
010100010010 28
010100010011 28
010100010110 28
010100011011 28
010100011100 28
010100100010 28
010100100011 28
010100101011 28
010101000110 28
010101001011 28
010101010101 28
010101010110 28
010101011111 28
010110000110 28
010110101011 28
010111000011 28
011000001111 28
011000010010 28
011000010011 28
011000010111 28
011000011010 28
011000011011 28
011000100010 28
011000100011 28
011000101011 28
011001000010 28
011010000111 28
011010001010 28
011010100010 28
011010100011 28
011010101010 28
011011000010 28
011100000110 28
011100001010 28
011100001011 28
011100100011 28
011100101011 28
011101000010 28
011110000010 28
100000011111 28
100000100111 28
100000101111 28
100000110111 28
100001000111 28
100001001100 28
100001010111 28
100001100100 28
100001101100 28
100001110100 28
100001111000 28
100010001100 28
100010010100 28
100010100100 28
100010101100 28
100010110100 28
100011000100 28
100011010100 28
100011100100 28
100100000111 28
100100001001 28
100100010001 28
100100011100 28
100100100001 28
100100111000 28
100101000011 28
100101010001 28
100101011100 28
100101100001 28
100110000011 28
100110011000 28
100110100001 28
100111000001 28
100111110000 28
101001111000 28
101011001100 28
101011111000 28
101011111100 28
101100101100 28
101100110100 28
101100111000 28
101101001100 28
101101100100 28
101101111100 28
101110001100 28
101110100100 28
101110110100 28
101110111100 28
101111000100 28
101111010100 28
101111011100 28
101111101000 28
110000011110 28
110000100100 28
110000100110 28
110000101110 28
110000110110 28
110000111010 28
110001000100 28
110001000110 28
110001010110 28
110001011010 28
110001101010 28
110001110010 28
110010000101 28
110010001100 28
110010010100 28
110010100100 28
110010101100 28
110010111000 28
110011000100 28
110011011000 28
110011101000 28
110011110000 28
110100010010 28
110100011100 28
110100100010 28
110101101100 28
110101110100 28
110101111000 28
110110000110 28
110110101100 28
110110110100 28
110110111000 28
110111001100 28
110111010100 28
110111011000 28
110111100100 28
110111110000 28
111000001100 28
111000001110 28
111000010101 28
111000010110 28
111000011000 28
111000011010 28
111001000100 28
111001000110 28
111001001000 28
111001010010 28
111001010101 28
111001011100 28
111001100010 28
111010000101 28
111010000110 28
111100000101 28
111100001000 28
111100010000 28
111100100010 28
111110010000 28
111110100000 28
000001101100 27
000001110100 27
000001111111 27
000010101100 27
000010110100 27
000010111111 27
000011010100 27
000011011111 27
000011101111 27
000011110111 27
000011111011 27
000011111101 27
000100010011 27
000100011000 27
000100011001 27
000100100011 27
000100101000 27
000100101001 27
000100110000 27
000101001000 27
000101001001 27
000101010010 27
000101010100 27
000101011111 27
000101100010 27
000101101111 27
000101110010 27
000101110111 27
000101111011 27
000101111101 27
000110001000 27
000110001001 27
000110001010 27
000110010000 27
000110100010 27
000110101111 27
000110110111 27
000110111011 27
000110111101 27
000111000010 27
000111001101 27
000111010111 27
000111011011 27
000111011101 27
000111101011 27
000111101101 27
000111110101 27
001000010110 27
001000011001 27
001000011010 27
001000011111 27
001000101001 27
001000101010 27
001000101111 27
001000110001 27
001000110111 27
001000111001 27
001000111011 27
001001010001 27
001001010111 27
001001011011 27
001001101011 27
001010001001 27
001010001010 27
001010001111 27
001010010001 27
001010010111 27
001010011011 27
001010100010 27
001010101001 27
001010101010 27
001010110001 27
001010111001 27
001010111101 27
001011000010 27
001011001011 27
001011010001 27
001011011101 27
001011100111 27
001011101011 27
001011101101 27
001011110011 27
001100001001 27
001100001010 27
001100001111 27
001100010001 27
001101000010 27
001101010001 27
001101011011 27
001101011101 27
001101101011 27
001101110101 27
001110000010 27
001110000111 27
001110101011 27
001110101101 27
001110110101 27
001111001011 27
001111001101 27
001111010101 27
001111100101 27
010000011100 27
010000011110 27
010000100111 27
010000101100 27
010000101110 27
010000111000 27
010000111011 27
010001000111 27
010001011011 27
010001101011 27
010010000111 27
010010101011 27
010100001101 27
010100010101 27
010100010111 27
010101000101 27
010101000111 27
010101010011 27
010101010111 27
010101011100 27
010101100011 27
010101101011 27
010110000101 27
010110000111 27
010110001011 27
010110100011 27
010111001011 27
011000001110 27
011000010101 27
011000010110 27
011010000101 27
011010000110 27
011100000111 27
100001100010 27
100010011000 27
100010111000 27
100011001000 27
100011011000 27
100011101000 27
100101111000 27
100110111000 27
100111011000 27
100111101000 27
101000000111 27
101000001110 27
101000011100 27
101000111100 27
101001011100 27
101011101100 27
101011110100 27
101101101100 27
101101110100 27
101101111000 27
101110101100 27
101110111000 27
101111001100 27
101111011000 27
101111100100 27
101111110000 27
110000110100 27
110001001000 27
110001010100 27
110010000011 27
110010001010 27
110010100001 27
110010100010 27
110010101010 27
110010110100 27
110011000001 27
110011000010 27
110011010100 27
110011100100 27
110100011010 27
110100101010 27
110101001010 27
110101010010 27
110101100010 27
110110001010 27
110110100010 27
110111000010 27
111000010100 27
111000101000 27
111000101010 27
111000110000 27
111001001010 27
111001010100 27
111001010110 27
111001011000 27
111001011010 27
111001101000 27
111001110000 27
111001110010 27
111010000100 27
111010001000 27
111010001010 27
111010010000 27
111010100010 27
111011000010 27
111100000100 27
111100001010 27
111100101000 27
111100110000 27
111101000010 27
111101010000 27
111101100000 27
111110000010 27
000001001100 26
000001100100 26
000001100110 26
000001110000 26
000001110010 26
000001110110 26
000001111010 26
000010001100 26
000010010010 26
000010010011 26
000010010100 26
000010010110 26
000010011001 26
000010011010 26
000010100100 26
000010100110 26
000010110010 26
000010110110 26
000010111010 26
000011000100 26
000011000110 26
000011001001 26
000011001010 26
000011010010 26
000011010110 26
000011011010 26
000011100010 26
000011100011 26
000011101010 26
000011110001 26
000011110010 26
000100001100 26
000100001110 26
000100010010 26
000100010100 26
000100010110 26
000100011010 26
000100100010 26
000100100101 26
000100101010 26
000100111001 26
000101000100 26
000101000110 26
000101000111 26
000101001010 26
000101010110 26
000101011001 26
000101011010 26
000101100011 26
000101100101 26
000101101001 26
000101101010 26
000110000100 26
000110000110 26
000110010101 26
000110100011 26
000110101001 26
000110101010 26
000111000011 26
000111001011 26
001000001110 26
001000010010 26
001000010011 26
001000100010 26
001000100011 26
001000100101 26
001001000010 26
001001000011 26
001001000101 26
001010000110 26
001010010101 26
001010100101 26
001010101000 26
001010101111 26
001010110000 26
001010110111 26
001010111011 26
001011000101 26
001011010000 26
001011010101 26
001011010111 26
001011011011 26
001011100000 26
001011100101 26
001100000110 26
001101000101 26
001101010000 26
001101010111 26
001101100000 26
001110010000 26
001110100000 26
001111000000 26
010000011001 26
010000011101 26
010000011111 26
010000100101 26
010000101001 26
010000101101 26
010000101111 26
010000110001 26
010000110100 26
010000110101 26
010000110111 26
010001000011 26
010001000101 26
010001010001 26
010001010100 26
010001010101 26
010001010111 26
010001011000 26
010001100001 26
010001101000 26
010010000011 26
010010000101 26
010010100001 26
010011000001 26
010100001001 26
010100001111 26
010100010001 26
010100100001 26
010101010001 26
010101011011 26
010101100001 26
010101110011 26
010110100001 26
010111000001 26
011000001001 26
011000001101 26
011000010001 26
011000010100 26
011000100001 26
011001000001 26
011010100001 26
011011000001 26
011100000100 26
011100000101 26
011100100001 26
011100101000 26
011100110000 26
011101000001 26
011110000001 26
100000100110 26
100000110010 26
100000110110 26
100000111010 26
100000111100 26
100001000110 26
100001001010 26
100001010001 26
100001010010 26
100001010110 26
100001011010 26
100001011100 26
100001101010 26
100010000110 26
100010001010 26
100010100010 26
100010101010 26
100011000010 26
100100001100 26
100100010100 26
100100110000 26
100101000100 26
100101010100 26
100110000100 26
100110010000 26
101000001011 26
101000001101 26
101000010101 26
101000010110 26
101000100100 26
101000101100 26
101000111000 26
101001000100 26
101001001000 26
101010000011 26
101010000101 26
101010000110 26
101010011100 26
101010101010 26
101100000011 26
101100000101 26
101100001010 26
101100011100 26
110000010010 26
110000011100 26
110000100010 26
110000101100 26
110000111000 26
110001000010 26
110001011000 26
110001101000 26
110001110000 26
110010000110 26
110010001000 26
110010010000 26
110100000011 26
110100001100 26
110100010100 26
110100011000 26
110100101000 26
110100110000 26
110101000100 26
110101001000 26
110101011010 26
110101011100 26
110101101010 26
110101110010 26
110110000100 26
110110001000 26
110110010000 26
110110101010 26
110111001010 26
111000000011 26
111000000110 26
111001101010 26
111010101000 26
111010101010 26
111010110000 26
111011010000 26
111011100000 26
111100101010 26
000000111100 25
000000111110 25
000001001110 25
000001001111 25
000001011100 25
000001011110 25
000001100111 25
000001101110 25
000001110011 25
000010001110 25
000010001111 25
000010010111 25
000010011011 25
000010011101 25
000010100111 25
000010101110 25
000010110000 25
000010110011 25
000011000111 25
000011001011 25
000011001101 25
000011010000 25
000011010011 25
000011011001 25
000011100000 25
000011100101 25
000011101001 25
000100001111 25
000100010111 25
000100011011 25
000100011101 25
000100101011 25
000100101101 25
000100110101 25
000101001011 25
000101001101 25
000101010011 25
000101111001 25
000110000111 25
000110001011 25
000110001101 25
000110100101 25
000110111001 25
000111000101 25
001000001100 25
001000010100 25
001000011000 25
001000011101 25
001000101000 25
001000101101 25
001000110000 25
001000110101 25
001001010000 25
001001010101 25
001001100000 25
001010000100 25
001010000111 25
001010001000 25
001010001101 25
001010010000 25
001010100011 25
001010110101 25
001011000011 25
001100000100 25
001100001000 25
001100001011 25
001100001101 25
001100010000 25
001100010101 25
001100100000 25
001101000011 25
001110000011 25
001110000101 25
001110010101 25
010000001110 25
010000010011 25
010000010110 25
010000100011 25
010000100100 25
010001000100 25
010001001000 25
010001110000 25
010010000100 25
010010001000 25
010010010000 25
010010101000 25
010010110000 25
010011010000 25
010011100000 25
010100001100 25
010100010100 25
010100011000 25
010100101000 25
010100110000 25
010101000011 25
010101000100 25
010101001000 25
010101010100 25
010101011000 25
010101101000 25
010101110000 25
010110000011 25
010110000100 25
010110001000 25
010110010000 25
010110101000 25
010110110000 25
010111001000 25
010111010000 25
010111100000 25
011000001010 25
011000001100 25
011000011000 25
011000101000 25
011000110000 25
011001010000 25
011001100000 25
011010000011 25
011010000100 25
011010001000 25
011010010000 25
011010101000 25
011010110000 25
011011010000 25
011011100000 25
011100000011 25
011100001000 25
011100010000 25
011101010000 25
011101100000 25
011110010000 25
011110100000 25
011111000000 25
100000010011 25
100000011001 25
100000011011 25
100000011101 25
100000011110 25
100000100011 25
100000100101 25
100000101001 25
100000101011 25
100000101101 25
100000101110 25
100000110001 25
100000110101 25
100001000011 25
100001000101 25
100001010101 25
100001100001 25
100010000011 25
100010000101 25
100010100001 25
100011000001 25
100011110000 25
100100000101 25
100100000110 25
100100001010 25
100100011000 25
100100101000 25
100101000010 25
100101001000 25
100101110000 25
100110000010 25
100110001000 25
100110110000 25
100111010000 25
100111100000 25
101000001001 25
101000010001 25
101000010010 25
101000011010 25
101000100001 25
101000100010 25
101000101010 25
101000110100 25
101001000001 25
101001000010 25
101001010100 25
101001011000 25
101001101000 25
101001110000 25
101010001010 25
101010001100 25
101010010100 25
101010011000 25
101010100001 25
101010100010 25
101010100100 25
101010111100 25
101011000001 25
101011000010 25
101011000100 25
101011001000 25
101011011100 25
101100000110 25
101100001100 25
101100010100 25
101100011000 25
101100101000 25
101100110000 25
101101000001 25
101101000010 25
101101000100 25
101101001000 25
101101011100 25
101110000001 25
101110000010 25
101110000100 25
101110001000 25
101110010100 25
101110011100 25
110000000111 25
110000001001 25
110000001011 25
110000001101 25
110000010001 25
110000010101 25
110000011010 25
110000100001 25
110000101010 25
110001000001 25
110010000100 25
110010101000 25
110010110000 25
110011010000 25
110011100000 25
110100000101 25
110101000001 25
110101010100 25
110101011000 25
110101101000 25
110101110000 25
110110000001 25
110110101000 25
110110110000 25
110111001000 25
110111010000 25
110111100000 25
111001000001 25
111001000010 25
111010000001 25
111100000001 25
111110000000 25
000000111000 24
000000111111 24
000001011000 24
000001011111 24
000001101000 24
000001101111 24
000001110111 24
000001111011 24
000001111101 24
000010010001 24
000010101000 24
000010101111 24
000010110111 24
000010111011 24
000010111101 24
000011010111 24
000011011011 24
000011011101 24
000011100001 24
000011101011 24
000011101101 24
000011110011 24
000011110101 24
000011111001 24
000100001001 24
000100010001 24
000100100001 24
000101010001 24
000101010111 24
000101011011 24
000101011101 24
000101100001 24
000101101011 24
000101101101 24
000101110011 24
000101110101 24
000110100001 24
000110101011 24
000110101101 24
000110110101 24
000111000001 24
000111010101 24
000111100101 24
001000001111 24
001000010111 24
001000011011 24
001000100001 24
001000101011 24
001001000001 24
001010001011 24
001010100001 24
001010101011 24
001010101101 24
001011000001 24
001100000111 24
001101000001 24
001101010101 24
001110000001 24
010000011010 24
010000011011 24
010000101010 24
010000101011 24
010100000110 24
010100000111 24
010100001010 24
010100001011 24
010101000010 24
010110000010 24
011000000111 24
011000001011 24
011010000010 24
011100000010 24
100000001111 24
100000010111 24
100000011100 24
100000100100 24
100000101100 24
100000110100 24
100000111000 24
100001000100 24
100001001000 24
100001010100 24
100001011000 24
100001101000 24
100010000100 24
100100000011 24
100101000001 24
100101011000 24
100101101000 24
100110000001 24
100110101000 24
100111001000 24
101010101100 24
101010110100 24
101010111000 24
101011010100 24
101011011000 24
101011100100 24
101011101000 24
101011110000 24
101101010100 24
101101011000 24
101101101000 24
101101110000 24
101110011000 24
101110101000 24
101110110000 24
101111001000 24
101111010000 24
101111100000 24
110000001100 24
110000001110 24
110000010100 24
110000010110 24
110000011000 24
110000101000 24
110010000010 24
110100000110 24
110100001010 24
110101000010 24
110110000010 24
111000000100 24
111000000101 24
111000001000 24
111000001010 24
111000010000 24
111000100000 24
111001010000 24
111001100000 24
111010000010 24
111100000010 24
111100100000 24
111101000000 24
000001001001 23
000010001001 23
000010100011 23
000010110001 23
000011000010 23
000011000101 23
000011010001 23
000101000011 23
000101010000 23
000101100000 23
000110000010 23
000110000101 23
000110100000 23
000111000000 23
001000001001 23
001000010001 23
001100000010 23
001100000101 23
010000001111 23
010000010010 23
010000010111 23
010000100010 23
010001000010 23
010010000010 23
011000000101 23
011000000110 23
100001110000 23
100010001000 23
100010010000 23
100010101000 23
100100010000 23
100100100000 23
110000110000 23
110001010000 23
110001100000 23
110010000001 23
110100000100 23
110100001000 23
110100010000 23
110100100000 23
111010100000 23
111011000000 23
000000011100 22
000000100110 22
000000100111 22
000000101100 22
000000110010 22
000000110011 22
000000110100 22
000000110110 22
000000111001 22
000000111010 22
000001000110 22
000001000111 22
000001001000 22
000001001010 22
000001001011 22
000001001101 22
000001010010 22
000001010011 22
000001010100 22
000001010110 22
000001011001 22
000001011010 22
000001100010 22
000001100011 22
000001100101 22
000001101001 22
000001101010 22
000001110001 22
000010000110 22
000010000111 22
000010001000 22
000010001010 22
000010001011 22
000010001101 22
000010010000 22
000010010101 22
000010100010 22
000010100101 22
000010101001 22
000010101010 22
000011000011 22
000100000110 22
000100000111 22
000100001010 22
000100001011 22
000100001101 22
000100010101 22
000101000010 22
000101000101 22
000110000011 22
001000000110 22
001000001010 22
001000001011 22
001000001101 22
001000010101 22
001010000010 22
001010000011 22
001010000101 22
010000001001 22
010000001101 22
010000010001 22
010000010101 22
010000100001 22
010001000001 22
010010000001 22
010100000011 22
010100000101 22
010101000001 22
010110000001 22
011010000001 22
011100000001 22
100000001110 22
100000010010 22
100000010110 22
100000011010 22
100000100010 22
100000101010 22
100001000010 22
100010000010 22
100010110000 22
100011010000 22
100011100000 22
100100000100 22
100100001000 22
100101010000 22
100101100000 22
100110100000 22
100111000000 22
101000000011 22
101000001100 22
101000010100 22
101000011000 22
101000101000 22
101000110000 22
101001010000 22
101001100000 22
101010000100 22
101010001000 22
101010010000 22
101100000100 22
101100001000 22
101100010000 22
101100100000 22
110000000110 22
110000001010 22
110010100000 22
110011000000 22
110101010000 22
110101100000 22
110110100000 22
110111000000 22
000000011110 21
000000011111 21
000000100100 21
000000101110 21
000000101111 21
000000110111 21
000000111011 21
000000111101 21
000001000100 21
000001010111 21
000001011011 21
000001011101 21
000001101011 21
000001101101 21
000001110101 21
000001111001 21
000010000100 21
000010101011 21
000010101101 21
000010110101 21
000010111001 21
000011010101 21
000100000100 21
000100001000 21
000100010000 21
000100100000 21
000101010101 21
001000000111 21
001010100000 21
001011000000 21
001100000011 21
001101000000 21
001110000000 21
010000000111 21
010000001011 21
010000001100 21
010000010100 21
010000011000 21
010000101000 21
010000110000 21
010001010000 21
010001100000 21
010010100000 21
010011000000 21
010100000100 21
010100001000 21
010100010000 21
010100100000 21
010101010000 21
010101100000 21
010110100000 21
010111000000 21
011000000011 21
011000000100 21
011000001000 21
011000010000 21
011000100000 21
011001000000 21
011010100000 21
011011000000 21
011100100000 21
011101000000 21
011110000000 21
100000000111 21
100000001001 21
100000001011 21
100000001101 21
100000010001 21
100000010101 21
100000100001 21
100001000001 21
100010000001 21
100100000010 21
101000000101 21
101000000110 21
101000001010 21
101010000001 21
101010000010 21
101010101000 21
101010110000 21
101011010000 21
101011100000 21
101100000001 21
101100000010 21
101101010000 21
101101100000 21
101110010000 21
101110100000 21
101111000000 21
110000000011 21
110000000101 21
110100000001 21
110100000010 21
111000000001 21
111000000010 21
111100000000 21
000001100001 20
000010100001 20
000011000001 20
000101000001 20
000110000001 20
001000000100 20
001000001000 20
001000010000 20
001000100000 20
001001000000 20
001010000001 20
001100000001 20
011000000010 20
100000001100 20
100000010100 20
100000011000 20
100000101000 20
100000110000 20
100100000001 20
110000000100 20
110000001000 20
110000010000 20
110000100000 20
110001000000 20
111001000000 20
111010000000 20
000000010011 19
000000011001 19
000000100011 19
000000100101 19
000000101001 19
000000110000 19
000000110001 19
000001000011 19
000001000101 19
000001010000 19
000001010001 19
000001100000 19
000010000011 19
000010000101 19
000100000011 19
000100000101 19
001000000101 19
010000000110 19
010000001010 19
010100000010 19
100001010000 19
100001100000 19
100010100000 19
100011000000 19
100101000000 19
100110000000 19
101000000100 19
101000001000 19
101000010000 19
101000100000 19
101001000000 19
110101000000 19
110110000000 19
000000001110 18
000000001111 18
000000010010 18
000000010110 18
000000010111 18
000000011000 18
000000011010 18
000000011011 18
000000011101 18
000000100010 18
000000101000 18
000000101010 18
000000101011 18
000000101101 18
000000110101 18
000001000010 18
000001010101 18
000010000010 18
000010100000 18
000011000000 18
000100000010 18
001000000010 18
001000000011 18
010000000011 18
010000000101 18
010100000001 18
011000000001 18
100000000110 18
100000001010 18
101010100000 18
101011000000 18
101101000000 18
101110000000 18
110000000010 18
110010000000 18
000000001100 17
000000010100 17
000101000000 17
000110000000 17
010000000100 17
010000001000 17
010000010000 17
010000100000 17
010001000000 17
010010000000 17
010101000000 17
010110000000 17
011010000000 17
011100000000 17
100000000011 17
100000000101 17
101000000001 17
101000000010 17
110000000001 17
111000000000 17
000000001001 16
000000010001 16
000000100001 16
000001000001 16
000010000001 16
000100000001 16
001000000001 16
001010000000 16
001100000000 16
100000000100 16
100000001000 16
100000010000 16
100000100000 16
100001000000 16
100010000000 16
110100000000 16
000000000111 15
000000001011 15
000000001101 15
000000010101 15
010000000010 15
100100000000 15
101010000000 15
101100000000 15
000000000110 14
000000001010 14
010000000001 14
100000000010 14
010100000000 13
011000000000 13
100000000001 13
110000000000 13
000000000011 12
000000000101 12
101000000000 12
000000000100 11
000000001000 11
000000010000 11
000000100000 11
000001000000 11
000010000000 11
000100000000 11
001000000000 10
000000000010 9
000000000001 8
010000000000 8
100000000000 8
000000000000 4
