782691896
444233577
616331154
105812115
799143033
206322099
498302411
1056660464
805356989
564349726
982388626
519708983
245215043
859796766
884030776
294171289
328898808
824176352
245962059
388400988
768870257
83091182
723890828
353745814
780544113
494650524
30546146
436458096
197640785
345836181
263389479
983328662
46710991
303256123
777906778
737217584
359341446
31299182
48634386
493615710
678416049
970015450
303939714
165653174
300303347
358743710
456748105
192645389
901633620
505655963
30158095
623204895
874662827
699720510
191370834
473667406
657515025
202272707
940894257
592106563
480657937
355966901
944296437
472646898
281969610
292366632
512132921
437140937
840092023
499570435
140040709
901669529
585133211
987037312
394053994
49802859
348031157
330579316
469780237
286345413
528292798
696048872
332241555
203843020
554854856
143877304
36235265
646935576
526799991
37393351
976480547
507320601
89153827
1010089340
672389064
268460210
362455158
121954577
888462365
604361267
809715348
127431870
810023208
952705337
371635106
146502986
198827640
31751167
946413502
147316338
473429849
331798034
394540527
35089758
19602752
954488903
296136998
496740995
8530447
852369529
606239484
525901538
709774529
76274455
648018792
831559528
54184792
186247882
332522742
759416938
934407857
819739239
866591736
89937949
610848072
151889258
881039211
296318182
212073498
971143614
127222001
21241235
251387805
549839953
567372511
704045006
814638713
130990885
488380592
877982995
402847256
57198104
785284437
642790817
387868519
943765845
568479189
851530552
1055489442
852433035
545183490
357534253
865096299
368578173
924971137
869782780
614594431
1040748672
870897022
717806963
867462468
154295478
539976167
546230968
608270586
969342082
893078398
197428944
491774150
881224558
134998916
822093087
439060520
728484874
733708577
167297001
302490571
282905495
973068241
309472606
905322169
269785156
684773155
839587908
883049409
949713597
68746695
43734787
376639485
199390919
844710325
69881881
266319119
681948652
1018271749
204133727
977691654
320141660
806830580
245956025
325011794
223745154
197489769
2060774
179992921
161404892
885540289
799475708
967564655
607948402
620518306
1070680215
14682135
59210193
62951381
753147151
740819164
112725967
927426059
852390244
78817681
647994420
1072547601
921161841
490929259
922371509
934330362
654070553
267634340
1065255585
1015381616
92702833
528820100
338413563
416022495
1069871622
625104194
517543794
160642253
699773298
27016121
693516984
703215621
61028705
614231699
1059757055
996410020
482420407
145796644
325763096
133225518
375131135
646832423
129729665
602893487
667055780
441924647
317862413
433720169
597743682
447752545
1035801350
81190661
431893223
676358594
783457179
384422460
393849461
249827694
337494580
734623527
389541142
297927122
902900815
1016257811
394177103
631849756
839641838
52334763
885109258
1034553688
939326806
664867739
655707083
176964926
194843893
227277199
584267455
144172971
426895122
146461411
319332080
21211899
573878053
272200515
1028469759
134750735
250068193
788043054
80073060
611823068
893860396
118714980
605706689
917073951
775864994
445720759
8496249
983781443
1031276127
144579432
161899559
226170197
291297722
501539813
968144749
740720832
207882637
198496041
409043724
183132328
825935016
567104672
516728676
495644825
627043768
366506192
171229577
122197636
366962601
282790447
558141390
909506288
503426066
60284280
696511823
457620840
114136492
66838034
287838973
785401338
746362496
164287293
539643775
835543743
649262650
628110208
260133944
254615923
24418482
111848370
918231516
307779822
395701482
160135103
958191104
657110651
153851990
1029721059
826066902
91733434
796408042
974323436
302781497
779618231
61002334
954362114
508570003
778595330
80174417
833941349
79416573
589166089
417399850
818123824
832096365
96641398
490187631
265564699
291925795
985120535
352611880
818363635
506221582
659802774
303977897
306963331
606122112
727330488
749245327
635855591
427965913
194748335
382258231
606180204
647624120
189973166
881464069
207201376
656374982
926598873
29692654
166714839
555236181
766416376
787780868
845790856
381970071
294171479
479675794
338521430
988556817
317167389
221031510
850944733
113373256
936156111
315793607
945556504
480956074
696841531
781361438
629629520
91796169
46482853
357185526
118220697
694191625
343359573
993245067
45236889
1071422215
474580971
236870068
840628506
978161913
383001700
33245778
1041638233
619126678
539246710
412252258
482988138
229519186
282216406
67903537
270021449
484687019
891108280
154694678
790752339
883066074
476112184
189785030
980420230
10164339
996418823
453022932
731132749
335382341
739441941
440476340
202962118
919236289
238072623
358209083
393055732
136935730
962090951
111982280
356651893
98802436
934467244
21112825
369068647
341074365
550153713
953915073
701947529
890516955
602197594
751712340
549383256
89982831
676547101
1007974452
528033469
290540019
427448849
663199624
130257452
968080408
480336798
366063610
624956569
934875470
561333138
493535000
4672551
360008500
490552635
546596621
661580181
977910269
90518765
475673924
499374302
883055190
712288732
147685723
447283414
1002621853
744271500
989839000
662929904
499748269
18877805
344515598
63628889
899698828
992066730
581772946
775450405
509749417
714542599
892843096
414697344
600841512
561290607
288508838
140451955
662630378
983310136
235792350
498803052
611113820
948426771
805629441
296309200
291078369
697464849
621947576
237915700
879915854
529349652
767031555
995314236
434177960
492484502
572887846
914515630
91510876
285997131
845186725
250483051
629118867
871100830
495309276
853546197
525871006
586400286
299934106
679944865
437844548
992126765
953291746
648360595
218976304
952712746
558279609
837946196
897929945
918519464
1017215340
413583011
1025901704
1014003581
223977189
15338560
749379365
315552805
936316945
676944685
828013492
255632871
944230944
758791989
761526708
54125668
127326095
827838355
726413526
7998556
74680902
720726302
774188135
992551042
328984449
983126108
557112460
39720930
131286694
383733843
915123981
252610865
126675609
1042744609
524721882
744177134
692030887
933363009
210583195
679112025
176928122
942079648
464667406
719577743
205054952
691538711
427087644
347722105
878194048
987070230
660752609
86187726
1073196825
818529414
384646098
680972954
523197833
1022149971
85974921
148202108
503203417
342908891
828101803
924400768
173757475
207392420
249566050
686827675
839224324
731596617
445556969
666890996
104487323
944198375
58073427
734112877
704365116
561344084
878455115
963524655
294131257
337192043
178196966
261618456
147488243
710548155
349628985
366679878
7812741
697792175
813278651
565570677
473034784
942227980
621450860
422695442
1052407027
751163668
884461104
769013664
266421207
484918227
377657541
1008083397
438678481
680242066
796450198
296583094
406765831
971574408
822499719
945882709
226497298
631694095
637184982
867604219
50308295
495882749
589066818
141515997
1045666815
446932297
104403753
438804211
250022684
1069024000
131698621
228935559
892376350
817879364
48184583
768414720
177553842
80665620
882965750
53069649
62470068
735359371
603013124
827318468
618435811
578370530
385912857
417901999
222248123
429195666
46428336
523694030
315236128
676449612
338128027
897599117
572587896
711893613
346521347
788120816
567189827
360679064
172800743
802126035
589225455
254598185
336431856
212978600
239618229
553177711
189579916
1019028434
671042674
717958214
693591727
998988551
1032670962
130307751
45602715
111799884
872907273
683617367
756336104
560637615
223404852
305662187
1015673423
887803725
235159199
253817470
939023332
462431157
674657311
633043609
537646259
364721137
242867073
461864479
682779023
313831529
947596676
225123493
145947581
412098914
938377759
212565129
88296359
294800666
1000349130
139726476
419632556
861087309
951189628
296884392
732097786
832040590
406998306
992938647
540286364
844949511
923981663
316377352
825051262
200924603
655138485
256273360
933913970
746947245
532652836
196921801
518165908
258129031
952645526
170292518
668284347
1052090027
104044083
1071134503
815848422
347777631
698967459
1041801048
156025090
477705439
346557901
1068838401
812278130
1056610699
1051930882
88867587
834056584
897192561
114162015
313003497
1041150188
337615486
595800554
253264922
374891924
87908317
316232812
672058184
1023662041
751310970
754125779
365302880
955085117
120575269
1020376832
153734209
343610871
495032932
41976643
953675070
449770292
776334110
234745593
705788441
98156157
974238294
206041930
591714401
163718540
537587813
479015310
347473765
568283920
623917909
975359888
42325243
501627571
86437772
806901225
345754681
743737150
243706056
424170235
213305801
929689075
71834503
127272847
976887160
974416940
1060057197
743666391
224102702
98992105
377362355
893968295
783162269
591401984
818427577
1022442893
525545138
637056514
955432137
512177118
996766886
802252007
380472066
98179491
915812753
841420373
647750322
864032335
686569756
16435995
511650490
180904630
486331705
349790097
830524940
420004843
112742361
222860755
601723999
676744545
536724963
110004572
101148840
1054839002
585859270
301617474
119996149
196189426
30857808
554029622
1040685904
698762849
876126216
760232109
285810394
996559117
24251071
1018630349
106197313
702351603
500298435
260296969
780484942
512662223
263509684
643143998
313528480
101978383
92471534
644669896
748161697
1025344855
939690145
91689039
44039199
29871852
870304982
175231355
522421593
813999239
217172854
908948402
484740008
527974814
933787690
82118599
187498628
482478632
907378128
860639834
967651933
497664119
236534096
643214696
806724488
605229485
52653397
437027052
1035128194
372839121
723361128
4312309
450873883
14857944
902034945
508436727
39064130
252192317
485198712
768274512
636956117
375100092
50097346
707623273
678334014
1039006340
141762060
241389275
841068981
46337246
406800538
441815491
90579985
323048873
279674985
340436795
80070492
1005784779
755181791
711089843
429339389
16168879
763250973
22792282
768996124
39067297
453453454
773079293
140500371
968780181
576181974
968806360
738325531
65968278
670609841
10495517
607583109
640017375
241958457
877066018
480354260
1002068696
726218184
823546698
284877625
397032568
973314582
541530056
619006888
652811647
368677560
221225179
345451480
482020675
365251201
746233272
609912106
721657755
957147803
121112695
128967422
712869777
890675845
1006990591
271376490
98939851
748598616
490113897
1010531054
143061419
613487099
12988043
431183643
79911894
666512286
765013756
937744477
427637319
987509006
349363414
112807642
939882687
261782691
542131433
354056450
952267706
476744520
348723071
251553932
702634463
502362027
916172972
1029741607
406418741
729794381
912868989
629923752
58367363
1046212133
473645571
214045028
884849290
561323068
677294659
1022542388
669730089
915727300
1014840166
904030026
190813934
775230177
475794779
220726043
302085166
149832043
880699587
506284396
193087150
161421173
402663350
433781313
310563647
219441268
150210924
474037077
102635054
124794329
507330838
695963974
580284797
873729216
114626929
954966500
397055035
575522315
132601629
839571108
172070435
832558829
497639011
771377906
409438786
926806519
866799443
879815943
528125863
419826770
472127793
890103680
915613284
869282810
905442839
820930412
1046632027
1031716968
19730830
624820398
829923567
505002776
564333203
253185805
31064743
96682194
1040492654
643674187
92353111
894610963
25846061
792566228
468605983
216578448
641928346
310272002
296234265
382794199
39999593
941372665
500094310
83314969
817254579
62216790
576492165
364614163
104617801
76939492
707142960
1006321763
473178403
317427960
428256626
23261208
592706639
157400635
709130024
100756130
83095015
648520905
863874408
470254805
502291955
234529673
709300611
499357548
429008621
244767708
549680657
432729207
977014129
339183188
1045856494
684701955
510334429
154208752
115638911
178439381
586951390
262575707
633248140
83745290
897249890
72539069
669862836
186011995
427443554
579221393
200490504
955115712
384001586
1053821380
614424997
523999765
242150156
220942503
659104448
527816657
105189516
292872927
698618939
313979719
746526475
612266024
1053357229
362134898
654232943
453726944
978052302
70049090
630495232
394490264
1022412186
560887294
348026904
178492251
583790698
157787136
341873562
457390876
261464202
244291602
194468939
424680427
398208659
926665601
928144104
149556609
39498644
338724188
765446305
757813291
350019461
866915636
918766951
782400213
384793017
779866788
779702404
15503697
906933691
928187009
29442534
776778704
1067026901
889698135
581262060
447237807
641283387
45599976
311700489
1017583535
1051113403
1051081318
988982091
155478048
1054650425
612795446
658472307
807780322
727372889
251276195
78990023
910799803
957575522
475001385
347371320
27791014
88021037
886714309
601915754
967554423
650365571
89333765
1040704067
755512435
110588038
626128337
464185928
144332332
108988386
883278197
266167005
722041713
1059526552
335151766
857512938
341510873
44386547
506113306
688787084
568090579
361479492
949206477
735989096
142953702
789753599
435918824
849461243
361380743
676533544
336874938
988584294
507059816
670866451
776207959
366922868
312022381
732138199
99017711
1014726479
803299778
748687712
246753101
471356444
645730975
472733610
304614493
724148511
305943200
230739761
379195664
236556297
290219233
450091377
587698039
137995698
562214045
427076466
868801456
581059328
13733240
750323807
694530187
487886633
973259896
81020812
18160965
577333551
683649341
13747456
99193872
672767520
834686379
582151357
410737814
260418873
2800693
71674859
276741709
807856688
661634367
285141317
242952811
673854277
419678596
295090293
949339191
675811227
364231824
742095729
286824786
132441333
234392774
913963642
688740822
671662105
871976869
850384294
922267216
432327737
680094461
117853625
646758655
543408472
226979612
208275318
487479623
784886645
155623479
1044377155
634429474
535106761
747595899
806144019
763567616
323833284
76922716
246456598
323901915
753406051
784433164
513409119
521447758
1025916016
657495877
30833001
226051463
780518136
398195867
167604881
823413122
972186777
173314942
966677519
1053794098
48498334
1069106073
39789113
174830208
741313499
730044776
253277081
302969828
748232502
345440015
654081920
696008252
63338901
158433017
602147721
811620338
749731609
681676437
501877820
949751712
1017853638
700516855
761901747
797401100
769395711
761617871
832262870
481239431
329746599
694811559
326060807
287184652
486298635
1052110073
814602293
586463961
671716785
578170657
591060358
798599203
184861835
608652474
864310994
253765723
1037070744
25533443
798454096
521048098
216978024
832377605
602315780
117785339
17923686
328927280
870765907
500073585
239586311
33402072
451558947
418880057
148918576
28966775
289705593
214442474
133507748
607258343
258024881
437207442
94251895
287083309
70443019
886094675
64232339
273162909
260660717
1043304582
188016728
820096382
745739810
904289381
703492430
622689138
645713782
574658068
937418680
891426428
913081068
689931839
158158409
335953779
869805029
798614922
374957789
543762121
65514148
917810870
497954219
554394955
962114742
680476078
116453098
984136693
32738408
136051748
126057284
711754809
129392435
399211735
920067821
382631485
248221701
376680064
447109577
345002349
486320411
707155226
79495948
662515260
938421183
242924057
513893350
720381377
993394495
963389546
915300333
877722990
839924652
107249914
568994164
895162138
236902399
158192030
89072694
526170302
272098976
1045778520
533251586
452422778
692189296
643842071
1069648100
323038384
697459180
237579218
349819924
960180879
331110918
913124009
121361504
223196436
559852126
340028548
954051155
832055911
934615966
96314090
158604484
239269625
908145850
1016465845
1043592007
686025373
973722039
648838339
966595170
960923926
678864458
385864534
227656496
724686269
452768080
237918345
456386854
370261657
349890186
456341885
393085434
430520136
462242266
147863514
208721080
226572459
319150392
254587252
719596676
516920944
313243392
942164172
767268741
553643963
1050656411
126552011
622929850
425822281
880461853
348097869
586875226
20774841
948627548
672710854
341267753
594326020
465260523
417543812
906566832
884780796
106065809
1006930703
132096295
698548841
230545089
716946608
700885216
408172043
581163989
224321634
783495194
105468327
100735794
182749711
962024132
1033304557
226355301
139107915
467587478
1050462074
183884780
920980905
546723933
41032880
341444013
369010819
609563817
356571210
334622255
971963769
102109531
479912291
428208737
389749976
586890063
359066130
353400919
535957440
654228496
984070776
428818471
662023769
235911994
743186697
923040323
92432122
485125424
426881664
130531777
1059985321
26074690
876889926
477574682
441839188
884621044
1004516819
1064960646
284743569
517212056
370640808
341916791
118627705
353305646
261751912
209348759
468103526
240353393
1046899362
456094693
706822608
73699112
859293379
941373596
187518012
647810662
1027301133
257164328
342095092
946720758
607879970
383433987
661075536
747496780
656692606
478627854
87380350
281016722
479376792
853765227
225889293
363813296
530070541
527451798
534042103
672861879
560003631
659144871
508752950
481685426
1018175522
526390719
6018520
510241722
473789034
703675611
260810570
565771305
731420227
890950213
884634405
485288482
848583414
722697103
843190245
187046058
588541792
803736821
601082571
628077011
652166719
11043568
591878488
464440731
285764197
648966911
659952205
1064173438
224305509
898160996
495903762
214244614
752799432
349000226
308700004
319000903
738509041
556235597
602283131
33035779
743149520
160992874
19423908
213505053
679817376
469232798
212098172
500581018
561413964
403899361
910685027
264081543
785729303
1009968172
709902711
1055649853
583226330
229653425
209599445
811701550
844134564
76773281
625999633
158121356
122973372
288749863
295919819
883936732
83447116
322609326
516500421
751182569
406182958
640500307
656473653
986878732
94150361
982032383
901395045
460537555
396413465
576952451
912158075
686684753
410038963
733103108
1063891498
64208914
515320019
821453614
1031966397
293457228
1061359769
113479990
750208857
986164271
1029696038
488621659
1049882785
584312112
572528085
170578451
327678973
436573441
41054350
425448517
439586731
960688682
1020289995
631048860
226795251
689631050
76266468
1018831502
426765461
72026644
554287044
834246166
525006218
528192174
819459344
162223039
654169875
151362840
778929339
299566177
161112063
1010562158
1063084705
735575685
396645426
859227747
885082654
375118912
471268670
880277001
210198642
544280213
782301875
282886513
188078828
150185466
634627941
409055415
662736017
723749313
423330161
678682859
283113671
993324710
297827696
255736853
167050012
557568739
1039696388
10658277
876597038
373145572
270827447
10884468
842185372
147163437
69171340
992868440
358122277
472004549
860835918
30468734
194726089
124326091
428408009
354735719
269042470
805086159
1008725976
998096316
396422415
386075521
198483633
419578173
184437000
601615866
700861299
758112023
629388184
157103801
287290985
964978201
1068052173
842902859
237841495
678263403
69391205
309755220
512385524
132765184
27253265
61175056
632481420
72493680
982481835
838758096
38325384
328299313
723037704
53714951
221612424
935176858
487931847
7213206
1042172627
84630278
283611453
8381769
230960741
539963644
622689930
1008279027
661269700
865430007
148170213
622995311
909739900
129960187
232276971
427092187
344140835
631795891
53040197
401646881
53095543
404389675
166718041
68071394
133520685
465682692
155161091
840456358
117564227
128857357
340929620
827299331
580286953
688712246
826448213
218157977
968983802
539448843
183145679
859653240
325181903
360675098
26334756
906980958
873940818
75628640
542675972
978930252
333638094
806326815
622206218
256189028
774359962
842054675
539299900
967368158
452553984
417771323
934250255
1067633162
1054307388
1030286987
913095666
407252335
335980939
149510014
45897254
832960174
294542446
272333819
925188459
66877122
975882360
647263480
290949412
904835659
701559504
609394967
291746752
452222660
344872637
623939400
854472660
1037015038
729161016
553768854
830511519
531242609
188242939
426042585
651625216
218257875
556329212
845879786
506516181
1063962601
912915583
693823777
764157989
613093307
762831030
691257571
312558831
850333249
805826490
71812474
744007578
209044350
50793649
500581854
623510902
774616225
686583384
210317984
897335952
887163191
116234026
184532232
762211183
147394408
193186334
719178286
539595589
976064736
329283249
95100040
793987762
1069046106
843318226
912159956
68209368
842447808
820031591
1042360486
764654221
741383461
80801241
367809272
72536429
1014665161
208460560
443018923
568371080
952249339
852819155
34277198
164388104
930361066
420163101
637041951
366397520
1030046747
119120095
597396034
173556314
891797602
468048886
157343652
373590920
1055877549
673191371
729121173
383013336
630174732
307419018
395696940
260576620
849443437
778827052
359063655
1000384408
682499053
10940481
777897221
1022788268
914352705
213818109
849581531
994766904
67358887
495693313
1000114251
988197957
370736199
615907501
1050104743
461695030
1028916507
1001498909
94674988
574345307
603534312
362883598
356821816
819220331
675285330
630164983
205649862
74685808
698583840
236891459
405699940
122004832
831438666
1073601018
325738816
511036687
928987453
698413615
650721357
166934901
665598160
1071822408
443039201
699877350
740730971
245018714
1053722576
694893872
868155312
768693860
485678414
255619404
76603957
607093576
910370687
128253860
436251266
620430488
560865356
443835700
516034491
472755574
856194001
60810172
798366253
99703474
100057498
184287427
126757131
126094850
506781462
162785482
349036213
231951068
831403000
438532707
74356562
221293688
354557609
741850603
625137064
971198984
580471724
369398979
508591630
590217322
377331679
731196450
460538820
389091115
159149961
589900624
740912394
146777921
627417455
871675375
68416252
40585968
257460056
649134630
750337880
1071211838
1002657397
321070123
526147374
94401736
496175495
637274368
673779550
731951798
187888306
331931012
554990226
861144387
902932379
694506982
649748559
475219159
392421850
154584976
494924507
889031235
332843375
304604854
872151656
853236701
325700216
316410282
74384509
871366266
542834178
290128937
334150200
219816478
228401923
727268632
478940441
669151365
985382146
581623693
274217660
482202543
77176955
356932051
730035946
161700266
444673169
363416270
559266758
808878904
847575323
726053453
250762130
896980799
929696047
755628781
194883154
947545683
313992845
626002292
247281717
298436837
1060236979
619800842
817945816
428809169
928237174
313603422
200916308
432948645
65127906
1033601030
934065726
24865106
1027131594
565776030
591378083
1029869365
222734195
522958141
1061129017
547826701
995683391
234240802
189257423
738357583
418790034
657932218
116878528
315972872
63696458
62020172
48820383
109407442
755536902
469903080
921418796
650895820
653390846
89759758
1008199709
696323576
754724807
770752960
53905528
943836916
944401393
516206542
372952893
201717289
72669246
1043423450
853669310
863100232
413099834
1057458130
142882116
639984385
251051355
29051596
713223796
913422610
227777883
803444824
692595889
800730542
386928637
972668966
423708099
1054879715
291219485
891800625
219397445
813141163
238208441
180005796
1057680823
118321545
624749454
51422659
467560212
42014135
340515797
913789081
1009187401
92861953
525371360
42266673
957333027
276212425
323590396
649845947
859662270
1011443883
233645333
1062685593
186996012
740252859
517771382
819226616
906536805
865108286
213693947
343326852
485797276
194818421
203895782
974574547
191223973
650820645
735012445
970580551
868355780
997889981
382433629
186500980
219080460
363037183
238432835
492987489
307474743
647540475
571518599
334344513
540325174
349943973
430254583
55193787
968913224
308328000
490261601
16733596
344457579
364565131
696186962
878143063
387110265
721217083
136643217
734895486
525659787
533987609
80265350
706290239
491085046
505941307
264012646
220957369
605619817
594395486
534557958
630776949
989587083
561914679
917765477
230000963
278088133
603132370
787624383
980213630
930193557
363120333
925325816
527835244
811857263
65824934
311299736
518440127
1008504019
824711343
205417782
713571265
397850254
519671735
119783043
359731315
723781976
1058138886
188740057
53407726
449236553
886548374
15886513
156916953
583647795
258469778
355461525
1001436204
541150350
888566021
38423205
250013735
277319772
661527049
539701195
311011310
1046939168
753444499
115152608
456017674
913516611
102291563
799557525
499995293
222625843
127629078
280925687
100765526
281712037
421231811
866522840
249023798
248570000
25508281
814736097
50048248
1022006790
717116659
463872744
928120656
1018214553
822879344
830186181
968557710
691421441
263797049
333004226
648146347
349119171
84720474
182551026
956867398
912250436
47909570
296320840
376358274
948265150
340376568
255017239
363844741
904093656
743407092
538291083
628893034
284105472
225193019
222482997
747089324
796312257
179939227
245876882
599102273
495122469
226912222
296564865
809682698
188852802
385734027
603510325
860372582
210226463
904930929
457913069
819671101
800120226
25995423
382621035
1047626207
221268426
229674534
831515018
263591497
942583352
124983918
165349677
58606225
859065346
732681176
69651600
354322181
1026629047
1059555965
508226246
151182660
201563358
1002559839
476829493
527432487
809914597
825587707
426693991
202031729
77580775
43179656
349761558
1047332363
186550440
245343992
877892845
738496282
97491174
830133875
129697159
565874391
917903149
41601575
301112713
776052034
726501690
440200272
643816856
240130585
155166481
903350835
996408584
990045404
185774088
547497386
229032559
50920365
1044595524
1049891976
889278230
272353994
705632989
792406744
784562431
715021547
228803785
784632799
674847154
633574639
218355255
690659704
607528551
996616994
395107111
393110174
451443780
90500735
284562076
569443103
985603069
654671699
192925609
453711473
647187707
295621402
307722752
669264369
694346991
946879662
190646010
252135208
928358026
260144210
420296305
779382597
92586042
944433446
676932741
54770408
953122225
1015791054
440766545
435620019
671436356
839713502
119204306
500590928
386660224
186985587
61363347
500174940
435411360
876055246
527362862
863185814
800627436
1001415432
221322274
785764575
850624010
225225978
951779318
745087770
767449761
518411214
1071399844
747198385
769533788
1062206014
1025592137
219627590
1071244613
250729745
182502751
540846906
873733098
82885868
235477756
930519382
1005384992
719458723
915843976
72955257
1070085843
864841065
450902216
59762997
890440291
63728919
212304628
681643216
1018679491
409277886
960620821
742879064
606706783
474533183
418675289
321039649
3276477
858804248
143832143
1062869227
3326951
843284757
773148318
60161915
548934359
293772923
664104770
955951742
943494902
943051199
13237926
456918019
28390529
1051119184
147567474
186831477
794793040
1067286217
917861179
868262612
739072758
729090523
1003259534
1022157806
1011696739
568723801
584770747
1064933857
768532234
142370275
1055018042
191482793
954214768
879472557
895299223
246037526
996698244
8125153
1041948501
299953769
288402676
569783725
1059232915
329626375
514370891
334600452
55723657
631736570
918226642
487778392
362734032
195706309
63071505
379391759
211371502
916192317
971598765
107345460
677804360
619185199
451753163
576326779
839268483
657637902
593796058
1034940778
930517030
1002214338
759282296
1052043394
663664069
52212165
224180399
1019103576
165619196
247984540
262409215
89545467
412692549
305849081
798795406
64814201
69738459
948229837
964930656
910569437
598888900
1047466202
71458420
139160185
566361993
403053731
266129872
705183538
56996527
142980909
915133139
801436229
451170963
495946639
1044381718
913628134
447455640
9165955
448699472
67246354
482872865
271418189
63316611
428353909
116105088
504201029
815767360
478934249
623720897
970377106
742541141
277380450
1072580838
758647654
668385823
687752385
1044242760
860062175
878510517
950047291
403212291
688147209
436817065
919285220
706453354
769275750
755952977
314832282
1039757963
460918563
470111039
704005131
1016998285
667851714
178165273
943296293
289988214
127070870
430913754
839967047
398644612
623074645
874549435
964914118
938133948
445016210
807178781
1072470751
641270211
330873295
939259058
726090001
661186970
267142770
824067080
42787585
758444185
246344428
144255660
582823701
626488902
578811465
498398457
727307686
837186692
512102218
75916602
715879791
329829678
521240736
580831429
37924180
510323401
235205681
138758486
781303730
573115610
715384989
977655027
395912116
318087001
177071495
662352321
978149093
448789524
634978663
696688140
749550959
973920821
759485255
609977166
320582593
154451015
332903861
372853522
317135853
689721378
157036974
671182767
603357858
490412054
810811503
55781776
708712133
94007469
908061533
83935596
931887207
254716019
571838398
362577247
764416362
665525743
644236400
604889002
953966889
560912452
517614570
500839757
566708743
51241588
704700166
839601162
716551326
896792868
299190787
1063562375
375117915
736232040
633761356
99036647
264727435
464845974
842554164
437106478
874608202
1037110692
643021793
166575047
796011735
230460179
993865176
208765657
514157284
792572589
1059654565
40655729
288968127
728104133
920738471
126200354
11923564
998007532
244333527
984199962
695162301
629893390
740266905
866929730
118542117
681941577
333824021
523335447
677218805
58863127
679158873
644618831
568230078
810797049
372765244
756677520
914807312
605843706
840324601
291298109
529317075
991615995
626229152
677394808
160981989
320282521
595037674
327801635
944728711
416710895
367576773
361006460
700863122
108814468
983009072
824423402
952012418
178403945
956266636
369228347
482977335
982666081
189157698
192843082
334348989
1056136078
143324174
84036754
471591537
361789406
489206712
456986330
387057427
287135775
773953045
603803367
1069135350
581852097
710825147
400920437
177825951
818718687
433422982
470977396
678405896
910693918
79195881
512275034
288520815
762724500
710765956
627511981
123368451
1024781367
721802214
743039805
1055894437
455789279
592239065
131371426
725704402
39327862
430125906
777837533
597754331
936127865
308483067
98705707
169547924
477045508
752782739
762812371
798282380
149486745
917653211
470893949
52549718
539115967
733149871
1022770449
334825824
369681028
863051070
548681459
447922464
597113229
390720738
968423023
680104544
301736897
876112609
416298550
637204538
421790977
49317464
742792293
893464472
898669172
137574511
830323243
531233886
514107514
566510221
542476610
21756861
291645205
729864399
295183517
615887439
1064632520
775203476
573163119
634483882
192944359
83421548
1052087690
663255912
979435479
786024389
5473390
947054070
656468643
1011013170
136885241
780833543
5158099
599657412
868409242
993625474
340417851
84425280
495890845
13753361
214522364
233858691
1039036767
171911359
115984045
446996573
3282359
847592265
702684868
1040410875
931409687
437982095
507262474
11068732
755333961
30311018
126020396
396777941
750801445
968185586
731730051
921814032
439524475
488119632
1058814957
649190603
947560800
1034308764
128629808
796451153
623502297
616764615
180166049
461576893
205955240
364998207
626545943
906446351
268043444
150297961
961804105
766130640
341511616
300085817
514907985
136564106
924797154
379833650
563306621
471087093
210230488
897615186
94413948
263834130
183657387
420241670
519746531
261850862
587092532
411092813
527682385
67788966
571309715
909989804
180785300
771900895
1070481205
726420210
1051528638
122486300
228010736
107456144
946691638
1009638288
148927693
311438325
878850462
161490918
661791758
173904148
530335587
651238086
926168482
908117389
357186920
26498495
510895972
432749581
923684785
527925078
765904323
377657000
873202751
731662138
469813865
384706971
836213949
532267052
441926669
637075653
517429842
611029274
509639415
588473982
565624268
1028448982
265679085
82323648
986690143
695062471
83865600
963162340
371688257
541857750
314634428
839333721
1023820474
750323775
51069371
243274436
255773444
700956737
454844444
674775196
206173577
140498627
1041823600
6242362
281218954
512950297
650456912
677717102
132902650
249716719
582415449
457460402
1939343
795408635
1024478510
835595456
329148458
69761497
220519511
598030583
794567321
768362010
195040990
964737917
1009731326
1059112346
685690835
47899458
437975064
963793790
646036799
104692916
1072321163
783775182
1006043102
939850310
421875988
659020979
956684975
949275926
130505080
208459002
276864154
786621312
470313351
741955054
156943464
641371878
765349068
830492291
703311188
305824588
744853545
372023961
599090375
151002271
452407847
862971288
948302301
516903635
762833930
768569616
906038474
104515110
425947059
730061296
838849081
991714277
815790548
224861603
894968749
14758022
663727173
488514864
1023970917
350730382
566310793
628474705
774938049
542941944
803284544
143589702
655289947
300601668
965810036
221001546
560857293
450397087
599899221
623637692
74305045
472015385
342289634
910312833
306185082
173102138
721199438
668782362
332353639
969723178
883591192
314242963
765477228
7086144
903590353
903660446
810629051
1016172355
681319202
344003651
91795649
99437790
5852496
674499935
127054082
238174986
304837042
869939850
179729088
1014099552
567073552
372955700
763308762
345303119
141574738
802776729
646236030
881769201
947855851
614972554
901900515
374351107
93044598
455443434
1071419217
605077048
217021487
966599180
838725120
385991430
434285163
498385012
360592315
488811930
662290194
433388380
1037708350
553826013
233214307
341233203
374871943
53143773
165326368
944829032
618413142
462900632
829939460
965638240
161484618
984080163
865745991
673157193
918249702
974876346
735858918
86183199
31747306
255901647
269621662
228673577
735817868
803424917
297251461
109500235
1052723507
725469643
147957334
853014602
164557384
279210829
770653537
889793008
623171282
398166523
10770294
505621995
729346088
900726420
579563861
467553718
740844832
261188466
1025627436
854617842
228793983
60806275
873832326
730413785
996331622
169556712
685044606
548549976
115370667
481936717
682406595
754564213
531872460
412842338
1042271974
824498814
62536534
155848920
965334406
698864237
73955257
605912869
411225769
576292477
601137821
672413943
527766830
1038857400
549160830
834183909
107510511
152784371
683998136
228118750
181487854
798430838
884557301
497478643
390908680
605198215
316293404
140462621
1068171582
876902164
1003099460
50964153
890209079
877718408
237745538
843933452
385807022
329315808
26101005
708780525
920389053
122520719
64180100
644558252
452450900
444096579
141623500
85245997
871381051
428491179
680621973
940975335
679271085
263739626
481658367
243156792
782095028
625572451
56415574
877566561
289920527
491986314
720593488
735082142
468313048
1003336324
1063399389
369213025
188478473
900417310
972320146
482884025
91467848
170102592
802540151
487357835
879335778
913906241
594058330
349347493
756488040
521277751
289670193
1030381636
747852881
183839714
5230874
177952514
108356642
241901688
897636357
452407293
802525497
153915525
509501595
749005508
95389024
419763490
525957391
631288504
478806281
721631504
343812506
371935612
1009441240
572781832
281077522
709827419
43842766
15781074
710373404
316818269
959296467
859583248
254819360
471001657
455853451
1023026644
126333441
1015057124
622043934
917721277
176634467
174677589
52506460
916873875
463505209
905460977
975730978
14426414
377634200
604342357
853987433
609084161
120743009
247538944
941958619
627547782
50695531
189202796
74092382
288596182
196989701
304286988
1039210792
768100658
460742040
313995837
817315498
74588876
165751628
933201637
458397271
136989552
109096266
1033244462
247331436
1025062092
813507587
7460512
798866023
950642302
744027209
455012775
437800395
106699329
755904095
697151076
511534393
652481676
531255157
734831570
657877096
805513428
701826805
674116149
1052772941
889935432
245774580
314950596
184787186
602734828
293660927
1379495
1064868769
235262785
182503268
1029850751
216265148
381775251
100416012
627755713
671360738
423898214
205262516
202681708
1049434523
126525488
128855476
543532639
266486082
129891793
590355899
1052205535
969810609
531691232
348038350
257383757
96162055
373504093
861873430
126212469
341184139
101837510
428053526
1037831174
1035668753
783011547
396189588
879697224
443839527
1029052972
790358401
877593534
137180523
583824525
327365888
742336250
1013769273
849417757
1046089216
612427374
881957986
37523572
496960780
568864728
449203152
388660732
816244374
540932491
762199619
561550195
998958067
12641359
398944383
120913361
1039728271
715116313
28424937
176129475
998621070
832506141
526196277
82022988
74718687
916524782
433626933
178109750
633628930
249790196
887722363
856439943
400396505
458358718
900763020
269489730
16704989
155002115
772851314
792024842
990751921
948498448
17797076
931724062
114209383
420597612
690432343
527829051
34563501
172251521
852562466
159054381
298429969
770845597
975184727
201078876
499316311
978364223
1038178986
317881370
446277902
226878340
962873466
1016441997
190497972
746924212
403675321
63852358
593948113
718520726
485858403
950484149
1011531031
735450724
606854348
315807611
1013794609
322436638
840294202
635120346
826688002
310083670
684374704
498873167
26610008
902589685
216686558
207350054
899594385
522435790
334711726
857392896
329999879
309061896
975319152
804918587
811563701
875912219
514738314
1029444122
935421975
61309593
561731506
510874140
889284640
7329691
938264057
410527309
458322494
816205048
371203044
552359293
998970433
492366067
43025586
449343832
519078035
200385648
815069241
533366408
214133810
22422520
586043462
184940590
788565976
766522070
509706023
685978339
491347091
387812031
613088038
321520089
78736261
446247658
1041309316
385681929
850793957
286922858
416440741
626707885
475809243
315119325
1063791915
433699913
738444738
590912394
518867128
1050690659
907546602
632980804
563468575
555476599
618861927
464371783
902998016
47530984
79515233
718294825
578401052
1058266983
691241736
797316147
666668102
311659107
944313646
662604569
619896201
450908028
822731821
294910372
773093710
711945646
1002900575
545464190
847828480
830293880
254175216
489933877
562821119
869010482
132652119
555518571
639570782
229779799
207029174
927628462
218760767
43859304
1026967173
838805828
66982423
378714405
746573376
76575298
959866370
819651633
731250194
589591717
719571664
346049351
263112670
308389781
450466658
965995507
888273397
51844937
967004084
853034804
991445920
887866434
976372675
922385349
123018096
1023564959
108696504
1052079335
534420073
139060407
240527552
11183812
857190304
495065756
491585611
525326157
1024119354
988194770
857318369
281357213
315553530
251418089
196244635
320125557
629026049
870580352
667871965
728011677
446220109
2307204
887280709
982888110
251242833
946158910
948285387
916717881
613811044
948271884
889220202
354269558
152244403
428974361
946421318
978737650
112287805
574646296
420850857
238665116
29976280
321192364
121565816
644083047
349846784
1027539242
267411218
998697276
203415740
368026215
47360520
1057188720
531804242
185577117
957324964
271977116
271426302
893814052
431136671
798762780
72443292
728098329
243627665
740674294
23649578
921653429
253393571
48053551
854379833
870516898
174500291
71987904
832391850
147948984
546017792
79973657
633969818
304794260
998159286
705342332
846883836
718115404
650666465
237831475
681047292
341105385
643887910
358330002
978001833
402487236
712132106
587750380
265460332
808924628
599569198
1035625804
270839510
451640408
307766006
936540385
108956202
566442483
772211525
1002892449
931801424
599767365
1023750765
701525307
146308713
611889193
404049505
946445585
147272208
522651612
971002977
946017441
589959945
79754677
289432170
251769783
117999756
117868922
570911826
109537263
214007319
563192024
493010448
795663379
703576367
82710149
1053968384
254111863
787901499
522483952
260542269
388735996
512616483
669697885
636281853
303166211
442104024
713700536
807808521
858271718
921348721
876688729
871957678
204678757
867705427
474936559
114202452
239712214
380367953
249337463
615404664
708320478
30823563
558813257
1036380386
340320694
809632938
368089622
141325842
400746360
393223835
146288532
692766950
620376664
566937993
417381567
512635580
577416543
690405560
967556885
750508183
607405069
141961002
1034129681
375632139
44015744
489672748
916508200
847495498
569180206
769591811
1055603880
550950284
350629677
753451233
957823180
510506916
663311643
312655739
118161554
970529758
955986133
61386794
67381540
907438578
136743536
118518597
705451629
541082062
449126147
688381612
1069106339
1000666731
678848220
558044612
506670947
660625461
557173797
408948225
742986182
423071083
331806018
140939008
169053701
943723991
27701039
99495080
171624296
731120675
1011935920
195348615
510850782
864920704
313210673
662688763
366657378
1022231121
315556947
910770559
972301872
34101591
739415613
989119780
996682519
866408061
9737373
1059558717
550824887
409519200
215046136
54210013
240626362
358615311
852687399
308954032
791424016
374236577
707711370
286567287
178227688
528369849
428725016
243590124
971273663
121747307
531934817
252014519
501141275
283726550
1038176122
749187147
975848912
538761990
118377460
204305840
367180832
277135859
225403205
272902580
126351957
674506968
266849754
502460188
275032370
628018891
576773604
150083315
827252608
980090020
1017693356
688602060
835556589
214138659
618799228
898878704
568275826
312140777
393815524
385423289
432523634
551054905
293148714
843351096
806262539
520677609
480923742
586118026
264384449
469418877
398227364
444547767
80872230
89222809
1345635
892490693
583128563
124478202
751866564
997496154
112182441
1052268382
751631963
12742455
1068109834
881690443
895762118
782386333
177399961
710953575
683756597
583727288
18628778
1020131246
634069579
672244288
1018355465
751225455
143023611
1053636628
805404287
915075956
975469884
233510866
464515160
539596236
555815895
523251177
838242833
309201781
822834918
140835750
480992537
164209
656416708
477025233
972410920
986318921
126672621
384249192
377694702
492262864
558127543
865638677
437002119
571245462
971782267
835973857
267669173
313173625
342787619
788447505
977209071
705454367
283526820
150006892
892099874
918616933
416296343
878492346
773844786
709852240
812841413
1056091111
491466387
424266120
851113908
644910433
661135320
432340422
1054899547
231432120
845850139
111357246
516797029
869967000
202026927
357788779
41159993
312887935
650272705
40548738
526989385
5040272
154362067
713321838
814269359
133044738
170034130
183978989
308305728
323883975
473183196
464767110
1064651484
451468756
665734351
695971067
243549740
994704142
675598912
1016457492
118847861
685865554
830111011
574391104
136610352
835031942
671080226
370168830
836045663
220202112
118095312
647762697
725881086
522960937
136003717
639327767
2922716
6187781
98468
304552363
470680380
948536860
234284624
1012357973
836452373
49480018
704634256
119573533
163125812
403952682
472322999
697289883
110663908
136839892
889631144
935880970
173882419
703899648
193456805
518955800
421397636
117660172
955955325
231851794
197255897
688988494
543204738
185804977
23155693
894232173
577710212
631701700
292029397
448342390
731761565
777960797
759234952
651367579
654039703
623708853
643060484
1071597635
962333734
1058577520
631271088
913928453
896487930
290915275
273050635
236077891
516692684
89529679
530309203
266378963
808542637
463394276
337854021
683343664
777781865
901660192
1071919290
289423882
872232017
373283659
500344706
866473227
692202781
67080981
491295742
805884692
932366377
294034831
870538428
104861994
1045784078
924878046
784063042
24334879
848440465
5333061
824925199
571685901
1017959710
666736079
1058471596
91107054
824219146
816904101
360623854
36467817
271657563
826433370
809543898
5263951
990196870
110007483
772387398
670963090
1048242430
659979136
518034861
136861548
973141512
740015876
690095949
891260738
898181140
1035744903
828566750
99709142
319279519
1065276624
629537445
187324680
814757624
828111314
984410728
253643080
684099034
167885160
178973232
71881313
977613162
810125606
488843379
1031933702
532664926
292148587
283888006
767561417
224601484
834709894
666542842
658593191
793123017
440490485
620667558
968304359
938000619
766834461
128166297
737622510
621013512
364791384
152960808
1017577765
903796885
103044982
338732962
203646509
464463822
153100722
986866314
431673569
295427445
310527973
413568696
23841653
998397058
730076424
241522407
1068844505
513364561
542473391
211401859
649407434
300109946
392939978
966780256
330450881
716704614
551807785
849398912
715149883
196470164
704078963
391877875
951337806
716763165
962955016
26484348
803605182
745220070
530038679
1053858455
725963756
283491344
196330409
295021919
894392178
532058866
776751230
139064764
52639583
639487346
989310837
157702393
80925815
392230739
178619946
836950690
541052981
575603377
958280126
37181459
66581374
592356908
792518595
438075209
67293383
8934278
335690594
681577035
885359681
879706739
140631564
487473413
883768750
525063452
132747982
924232338
217288412
569573263
885362081
772419566
525133524
223716343
136902851
869206066
565948021
747266665
550866927
104781094
220784040
720759712
462581899
807198325
642903525
129783968
339672626
379512255
861472145
826145350
921486094
417095071
54653293
987004427
767085595
826047056
207216926
139105493
198403395
790473786
495792592
685622275
1068617491
24729066
73122178
188510495
965028702
563865403
198554858
803430043
412886884
293151318
929929996
587047517
592924007
773544251
193890207
539243739
780492458
971360543
681992819
589553262
908142953
974059183
468137801
635875898
1012347263
391805316
408255719
352937624
486904399
339640239
104886149
857256230
317094191
475803026
141948518
583329229
57359754
454522247
212598656
222838140
735737258
1028040384
315039049
728021086
906821520
1045203316
623789368
349592822
622892842
488998747
763095873
735836229
666556078
221097658
73574010
987870484
638407591
630164305
104067855
491473271
706265640
803726429
1059468578
5246816
790416709
818333693
424780753
272509534
709442914
351942918
946503136
127862270
887730520
966258679
601300074
185093052
210492831
277395090
703761124
1059935738
801185449
617175670
1030762607
249199381
949021767
929729171
1019632847
418037689
799089895
747534829
63853179
24721566
814437357
890407295
80430495
748699829
36378243
152483973
1061149224
1033204115
744265067
665531744
885317343
64057739
503679146
359737188
272973382
39564816
597144810
727483200
330737269
47200663
804670481
967176288
995337702
1004282273
27487880
694547091
545452295
751075029
1020127716
360719762
332818369
940552562
802125329
887680769
458429993
140626216
716199809
273747209
930740494
375851944
682629164
48715818
171784286
394820965
504750083
796744318
573637552
977385716
469312153
516744569
702809264
983347587
609138089
623223673
725323809
590016060
1001376600
536468717
407244545
523504638
25559984
444928243
891907298
528097399
467096702
118345215
559052212
935949501
564224754
984275017
902806742
528810219
390758147
152137996
287446670
995724749
1015213829
450936035
325167599
1010559928
140076761
709313936
1060551111
565797901
245194447
303786940
347997364
906717933
572242836
306917535
835280031
17088900
1069034372
686122145
1020529919
1064484540
671413940
684686024
469644951
294379034
159143898
614067596
68029093
272413749
236045130
321861247
623736917
361502969
855317047
229879877
460661391
366225293
540431808
323772781
16353713
84453703
883503207
292232689
445432383
270846857
271435746
850747798
895308280
841293337
955970839
114164335
390385672
372758238
176458962
669971276
424208164
251563762
418587413
667154430
262327009
486369496
724221719
486554138
558608244
937642041
1046072898
740863085
824710660
188703006
919945981
25837589
984169290
279043858
564938340
49459260
455430676
19038181
277421273
865840428
40568095
266802838
67980462
878215258
779307774
894470148
259919316
46788914
857113485
110748936
511418236
960798169
654428474
741335417
973001507
845143697
446413441
167011966
445994456
307774419
198662837
716157248
174570368
161289744
282471239
963165012
707867851
526741253
782464247
1060214872
424097634
85519315
57369872
119769766
1052001857
745427484
381975366
781760401
1039596406
489213678
480113005
749900433
610590406
787020782
142227341
976771559
720526221
123793934
343810391
507897104
789996218
822899765
695999530
954068601
348495451
107810230
1028283631
627361389
88598194
239494180
852026685
382412692
785415298
435756936
284753584
23857194
683384058
423261355
625343413
961540155
552813226
83922465
840584575
1052833168
70125001
210879726
280282371
62092722
502899315
845645979
856118747
763037775
1007862289
928801913
295491769
724729794
556621310
357013262
12592542
466713960
870279497
643718003
543258501
206873904
109560690
174783670
896607848
653934582
992296588
28722933
333686906
677549117
129634548
1053728788
456619843
536811397
388945785
325186942
1057028089
1001350665
526648261
420133035
322925594
353980113
83238314
894765255
28597534
358245956
143572784
16171632
161492220
21563130
788060607
208089538
980443170
699338278
590650885
389774538
372870310
837659854
938932517
543648353
604949556
761537894
326578346
351026588
74600525
663441694
690906623
777220621
401781317
411868488
693279742
854157820
283638052
495790967
47227685
948323331
991052670
887990910
50752011
407952263
229422194
674325639
31465356
739923293
594741401
740051215
367972428
598581038
641380252
813786692
849463164
688804577
963799537
540288550
204971704
509933690
486496514
378959770
412596429
153788261
372200697
732129906
976486814
792878474
5070196
866115505
693925971
2798832
968084188
145372308
544961227
1061664300
445414455
918369745
615726408
342545891
33867466
271371202
575988476
109286334
171696847
83158488
648074434
136254613
1025857082
233768566
247782065
209687784
411370089
409000019
517250222
586461041
473657303
358264214
982674187
873113089
1012751754
1053106318
165489840
724188518
438590704
117383359
370345999
444899002
368218156
655823775
12411647
341790687
624975583
417303306
356063912
241590907
10440460
1039021774
404738949
211402493
275824665
660095288
710009923
146049968
969547142
291072200
399439895
102464254
761226934
411095170
946140754
412555634
219417745
168647236
456667744
669315371
263112734
381183398
278471297
830231165
829607096
742284300
1001243737
777992065
635400316
465007321
498090567
393300044
570637498
164808609
444869119
647084731
390241666
204345723
450253693
986118359
800250880
1009625817
11093544
20225704
715538831
923231040
952362031
673104529
404642538
766319035
215580623
155894458
753496570
265895738
567759139
9837092
815970060
935691756
136304311
213328762
555580542
1072005625
835064522
972791762
707998403
711265502
288304915
552298299
875635092
157481596
998337948
228478759
76185437
486565898
313370252
768712850
878985354
749352538
297129349
197930604
394490340
739880499
356498963
571130774
207024783
466512933
724992148
189101761
268762267
447610977
250012549
1013528434
278240266
729435368
597793733
707220158
959486860
167318390
705198675
375244862
870059956
208370310
501175051
498339677
1010086980
532235189
901288862
709020287
875027388
364793086
87888934
954269263
1051691212
18643604
604788560
949684089
628106288
514438215
44192157
285540799
100951779
589060768
946833574
931114085
366124318
1019696641
648939758
209571831
864697195
496582190
134917268
761549812
780526039
194118361
492688440
1053159523
1019068629
37352823
463502259
777360402
316600684
129400022
769210449
789088586
787163720
468211452
752652896
998724324
892700027
268457030
1071685749
925879299
1022788981
616551066
916776017
101307699
109781813
730677341
759942167
315212341
591728117
753169631
351450935
799301638
668509712
435131738
140489279
445163500
685445235
1036348205
16533937
899999972
276970295
791847845
10095136
540151451
141438834
335934054
1065201173
141427074
984557216
424270313
1069816198
1052049048
607783134
914696341
844712967
574612896
993334477
471318110
1042009680
328917750
470429548
173926372
843580267
250842612
1050977323
344299848
355175544
3804775
184577097
739735446
414866715
578617488
411188975
381034849
207561035
367024455
624705415
97656428
703076374
415556993
683199300
343830586
272656432
261999635
806598723
756692498
975347562
106967797
303176607
170731437
1045687949
577565665
301752212
557248353
912958038
555769197
224293787
965657780
506565869
674992899
664270164
631486543
590137663
1051691645
1013568773
502932333
903030298
45912532
862920111
195175263
940307881
287102833
193381131
877039927
1028867915
759225502
474851888
91051380
1012272496
773162872
841507063
452545765
671481311
105263248
572389468
689000072
578316547
1037692780
511211306
765091147
209751708
119603848
252539841
889029673
124088671
352012140
9089160
592891365
181217433
597977758
551115104
999612277
663831753
299690302
394979018
762329234
609967402
885450012
630945105
838648239
448415244
90542037
541174049
463357466
553449883
863902714
275096782
179462511
693431730
95524794
155299823
623877233
789503685
636596832
128070616
588504533
569620733
597672278
573932081
320626391
169052353
323634164
301650164
495569293
1007669041
903249661
845166216
1049777442
315143002
36318421
148922552
772662904
258404453
488343066
191489630
486093577
540675341
208768980
475984690
412110080
215427189
742418646
803793148
793786338
232091983
452675052
751416636
851359581
658975854
799643041
565622778
336814280
988329906
144713733
864969559
848939972
907107879
81321868
988595118
235238984
138743438
393092547
996133686
181512383
873512070
489542338
1022230502
794088622
98086185
621422519
492750265
245438535
868677601
754148803
791922295
28417003
256510596
218204700
893822145
710865252
97775528
545570976
93752084
634816493
784209194
781968847
1063082280
467387312
526265978
569589227
174484234
796631513
365847428
517647863
169351764
152481149
889213019
528699325
1002001176
600261399
619011352
698972636
263287534
855010781
1012389794
748159638
1056652475
905087622
1033757860
719561836
3621695
478255081
629361573
879890358
348799977
137158484
764901541
193018131
580596710
303208333
991758755
354054395
512721535
484905391
892934260
674607411
1045874608
22321020
149409155
12551577
590152807
306911617
1032485489
879581594
941816386
627303091
901108118
389984977
561130584
600170090
197190658
610592684
498243068
661014773
487299570
433471178
842497426
879316219
736397248
836660820
488588727
277831052
62234239
173479778
340420716
233259047
641865682
412677514
503858005
15633378
1062453971
228770292
249894578
290296620
773000515
327528431
464095052
509528387
889011881
68123140
744478286
457225957
32520829
725170350
137990040
426550376
634141238
66052906
257617643
1032525194
314431104
97571141
635741986
719191022
1060741577
678822598
649302126
783005518
211106209
311355014
530496323
514484600
818866292
475199537
441598106
911192489
115280783
1018349157
666471425
674475833
794280566
891997339
295556219
290883855
59994363
815812593
529340651
33791176
118129658
251767126
52315818
672582603
229545981
881699959
249245410
71160086
949798485
874350205
828779596
457363993
607783335
706465533
914089523
717442264
1032371373
445706674
930970265
197168377
593716458
210351754
134169346
464246932
920222641
611915265
3669238
86723062
70005088
81004042
888872621
551279002
31348693
34122469
494325428
1001844318
354511570
559428612
785221145
372242549
61845642
917742709
570276288
980608857
244028992
836124920
680762314
1003707578
751355333
119472237
457082239
79076797
309529707
624221943
106427293
360649417
205667397
688538395
480612354
279926798
890805148
760922388
690057680
492772518
300443518
997942763
699712775
262855964
352383397
297994803
906167606
535358668
355578025
1043963295
919417719
39751497
272279520
205868409
326999705
512665964
932944643
684257552
608605100
86801249
852847421
517200625
248781397
253694054
233246102
1061024993
375016138
1057352287
182629742
344171199
511804268
745568447
802183836
971769377
684444285
358370572
918901089
292473158
572631596
537134334
667167818
376167523
714137412
453078692
538808061
392051437
2643208
120738523
852053202
974099116
414337776
810192714
959455556
85783564
836477289
152269669
117310040
169668058
941548625
354793628
156417137
901455714
596873706
851672101
530021407
345372614
1055599668
268018046
548121682
448905137
51514192
665796168
408627497
198627226
343075113
330084073
501948344
816466674
768430959
777286890
729195234
491782082
75911707
567328020
432728425
15945751
13947976
386485306
895973842
762886765
808016504
909001125
1040717512
558067166
23162787
386588128
814887308
331653956
215024454
589240165
163324782
498715320
161949176
919351558
473113182
218422001
342398365
443273611
456059271
453738723
952796738
318810775
895683778
161969562
966733587
524054057
736316455
58542680
862954067
594862455
256755940
876984179
717181561
222793266
235400155
894142213
636479978
781765128
914645378
315382815
623798197
314721742
344353699
139471608
632234254
243020173
101757387
148986400
122133970
291215709
711285011
1046198772
1037668607
69120483
866888482
335734000
62566630
134443348
93769682
8057242
761804826
1006902779
194541805
163231170
314889793
109211004
353629825
604412490
585247941
117669876
665065308
694747373
185288153
519050888
651469762
596964375
514502282
846448197
1065059908
333846418
909450578
1011186972
56704767
907195536
982917922
207601749
98476023
146748805
642539860
446054938
865884227
794965248
570492801
791676593
266098236
574740957
748321222
200834357
851310059
612909951
340773848
692406108
858737482
441883827
626738999
354897358
505506947
661524619
695035011
261585637
360033613
1003339511
758563612
483800437
265144027
1032401599
1019412900
879267128
682902828
1053707470
206476459
78168270
639556473
44475139
266533192
76215875
134288537
519694741
880275184
156135546
952909484
576388315
327410926
448573848
520034639
323510390
427606267
948328998
327156025
305567069
251149603
1022278096
513610120
410888798
1065353236
8385
844575512
400499389
61765538
722771648
218939526
61528981
436218101
674999701
995370399
933015842
495689595
1044183680
106953488
117080826
1035753167
895518047
961974689
550872935
341301604
903119900
40565132
72209625
780611911
16023941
176147881
742294849
49552316
805393804
739947778
898503183
34124403
220866832
667599452
30506102
49825854
214824119
516223082
1033189032
376074133
626390636
368326324
359004145
515048068
679368570
183758346
1070672333
128063073
733734650
626285007
638203741
440314427
820127137
1003483278
942903913
918092274
332896014
579191266
696457959
619080439
517511225
277576506
1009166077
78540578
377113596
111419491
717855795
503298616
564894431
920262965
685969391
670983363
829757566
394337637
886636243
321147020
471854949
718522598
222837952
333687363
1067845135
523861717
469052888
606402838
42085
394829696
401576388
346476080
842195205
456419001
203717900
519866747
511649416
811947863
612127778
844144963
173045170
220544931
790886699
979323957
539398604
424143272
715753874
994176982
464782694
815161588
521370438
987683350
668471769
1192167
64931876
417644546
388262710
513514752
63423184
476009265
497341511
599821692
96660756
830203849
583515770
845438106
856386127
532825872
903830874
395541192
752794444
15718898
1060446537
530210832
438931150
966143204
19646242
1072760207
277748444
1039978487
842709396
12934407
928956090
52356786
873007199
690922798
141579056
261507601
300827856
889872020
510518249
347996352
781711320
615447899
912809053
313873135
330692567
1018678690
833954985
1004836169
795371317
13985586
925182471
952785974
275496179
193984108
415899538
1006439733
21450189
685284661
159633196
509136754
105603251
568499449
751143746
431259414
114406939
411568599
638477752
995173633
901067259
727879335
488047331
21513660
863570474
917581180
946722944
21132968
894229982
646461819
80071962
338911151
428008082
80331341
724704533
266628765
684292974
899498791
409451998
181557701
938993417
892274724
549974858
1025227864
678508694
961970672
811279669
969114221
775203646
874148146
745350191
862109286
1021599380
813925266
756368330
304149763
608477537
616640836
462049114
327223136
783438261
234556606
724232629
360711611
521895511
448882154
418907862
921463555
309550150
142411212
910972516
777098608
1024087263
715447487
402355843
289691312
837668871
803572267
824292297
768883936
191049034
454814759
940904829
196613800
183553547
85958458
621271147
445901228
670809187
195530574
568760438
294221547
466648246
748944249
810911120
720473468
1051652013
375112020
65291289
454555576
926370210
931027631
217747300
401164338
816481110
972832086
493056775
289829492
22286614
988670912
46321608
672336404
271359415
398740357
191143297
498214005
739933265
670522674
593862133
744270706
516587027
709198569
746223118
72421047
193077601
42090741
10673620
434536110
947509324
960967075
502575326
205954548
717905824
151616448
172938862
736979928
172561419
994704863
497455291
1045898913
53419659
689778803
312187218
970412245
667919661
1046921941
697398966
1020169109
206404311
96497566
455920560
451149256
1034987279
1012803899
721334242
382487237
905540192
534027680
335341739
281706354
983869254
491513151
19143999
875109528
945253599
640980647
171150790
520154166
620077258
954406902
827152685
198035235
296937906
836611206
14422260
779566004
108159109
312006757
747875025
255474202
644723285
1056982779
930504970
336005887
932906230
713898910
726944650
27759491
879831988
747078616
32130415
918985004
486625841
246243723
80653475
224938743
717419546
202910954
782785171
679351643
739112665
77902176
974899537
721787538
500836367
412185348
442251233
986154839
653408133
903237525
299337757
855211378
795059327
812956290
695912732
257055934
950237702
752735928
140146725
378772035
746251438
684177874
817001144
495093775
637185205
398928786
461900068
7492235
581664193
1050051049
443327297
718192762
641947730
537007329
460753318
792611909
289688206
205716297
629932143
778569095
404229771
970620667
623968775
45914817
520133260
1071125285
151238571
556252371
413590460
993019537
1020640923
396060451
591127594
283656717
224317634
342927901
637947466
411313736
332043464
424042425
116045439
917213975
825944177
960299361
1020126810
183585391
851912801
939533011
918709236
859591518
385859411
1059375478
191158677
1051580261
823167346
684855194
926985086
589777009
775051791
878959322
1040061133
743039930
1054522631
356698364
814107690
719194699
308247347
99920053
1013114773
1032456960
598288641
50137625
1027940257
593385403
889881732
960825300
456063939
726861474
833622385
642044364
253295802
491941240
823691026
104990523
21629454
424887320
468914978
790976975
48831418
247693168
580929845
89957192
934613429
794705152
1054475290
73338130
96702527
671977871
521948275
927387058
1007661333
588709702
521009686
525325891
664156161
816490809
803380382
412756049
581842148
1010387472
143169144
314729460
937690706
984629732
389970229
644897221
98528311
576972553
850264803
1039085926
768642151
972237892
276884599
937721351
861318636
387641994
623233788
1045394768
841774159
305612998
611462214
446341917
711124451
80115071
1000765821
867905649
333579861
819288343
1019033844
411943665
220892044
830426933
885650906
269297738
181234097
647925396
268331821
855606796
991663823
103776772
1040329610
408422370
122990399
348619485
123457797
525224538
155292287
966496268
169633813
961199210
23708874
934110117
764921746
341272987
346393484
864453880
780059960
324108736
619009313
148437091
331807205
187937356
175000950
477509166
390108984
983286741
455845192
1002340068
949471638
62124034
241153931
180624633
832245686
63422774
613642874
311281028
507826258
609409603
655654495
848322814
292061160
568809019
199288656
46783255
482279136
553656415
518691953
39907848
62230392
670924695
776883043
850890049
348735385
761619199
68894604
730368457
791837994
111676253
102919034
735281885
482516121
1004297382
631245561
1069468986
997710865
746966765
48634062
92548600
781211268
901044613
431821659
114769973
369991458
1022296479
875127842
49430782
33205569
495464154
1027818815
346564814
342603449
423899037
237465243
161198834
704324360
195591532
404178826
828999971
774076887
525170889
120456935
264780825
820562228
74812640
1067266304
939108196
120262074
575662661
726681981
933760031
1047532086
822977251
97459055
742669172
953076144
286646876
202449475
1014732932
141705855
856569150
613964756
955784917
276960823
692292617
292557981
933408318
396639096
1019645038
711739604
371092371
599359998
183044496
181465023
670246043
9240340
1069531852
696402207
701681726
450152134
303345113
825389857
338182696
581309065
803057665
364213454
28190460
871727297
698678260
190408506
124571519
898693545
445847437
146138825
698172216
619300113
647455325
1048656919
95663020
273791536
49866882
73733285
1029334190
475399192
442603439
988532825
58662426
520244552
69382073
293548045
416193140
1038516400
202081326
354366200
610640450
628760141
658005956
138164328
270787459
388392699
801157128
283011844
23047501
108172468
430805846
384634166
164122267
573545515
309565856
552847846
1043316335
619375036
1054994706
605842725
424173677
276443142
198004039
433319784
1013602230
1000749453
963219598
550309806
20293223
366417109
787162617
345835891
810585002
595477344
821741378
451381855
403453434
185391308
49581373
751329372
955754326
334795920
555397904
361595199
950451484
249672330
441895231
1065371801
141137795
707397842
165069244
907703146
889659587
48531770
303401383
822902663
837823475
799162373
251019358
842358161
1034462567
883860358
658117489
938650507
516583657
433349617
737955509
848096757
316507231
768868415
38066781
245448204
346641738
1040026176
1022961464
511742092
698848648
1044341996
117274264
812032404
701678938
925089333
257796853
29870982
929928009
84141656
335078513
36737030
276958799
774934675
923006136
504477235
424261395
1016830426
1057554042
838230063
857239481
1043956261
142183581
756022033
401557066
790649992
888801586
139107526
726328354
886710378
586972916
284086411
382482399
504513314
647176168
771052616
205590699
1028279807
17771557
634266942
491483882
617557265
481136959
703720090
491759186
425265475
172732975
244245944
420300504
155109055
612799248
965792841
145243684
564911404
440940865
958286398
463581470
1031974603
792970460
46881498
1019092900
640195172
812717953
917828739
247703035
406316901
319553383
317596453
845627106
71147292
418150240
460197641
308002661
888575382
872757285
529429245
446642773
355255828
307213477
195645294
300343822
115656749
602315380
1068265965
285065343
945327196
989631147
661445554
150994533
256265028
240946081
885664028
421622318
228807183
235014605
576553121
280706951
626350583
502410432
369164857
746136334
591775745
163613582
539376548
440205092
543217297
575491518
235656948
161687350
762967466
1054854722
761212030
774006917
511631464
751357387
707867997
467707284
773402300
781098830
214913752
939533842
983360390
107844160
638080233
535983192
92925237
904214374
363312163
588023381
94075772
213287406
1050414444
590317526
1029443564
815972199
799782270
507904697
88862290
724752741
105372819
579349808
231384975
91867522
818777619
167334274
355317218
773007745
446773964
391617335
983480875
173930134
700708521
1014383419
12410750
275536939
1047396136
808541270
257536887
512011500
731054609
507518274
713289283
399526290
422747759
891737717
429340577
661664394
522508217
165649925
246947562
160694673
372213683
52877383
464648748
226995632
1064193812
615547196
937137356
426059253
967238867
925559161
614553261
308837317
405939327
273840033
59628640
818704315
655612295
1044866543
109612914
186943204
957468373
944984328
337919129
496832105
878770651
13483061
851250591
812965770
772500240
805881244
872425977
790994266
303322103
430056476
1032161896
1034317945
1006903524
793569266
187174079
648569134
468677886
480583017
615142316
395767639
752204760
129589522
975376588
686807609
236781139
842184761
571263924
509990929
216893746
415484474
26080849
877534419
1043717794
113145646
961479022
929952005
166563958
749107640
561558366
206177621
1019602734
659725137
41514288
491289045
923657619
1049433741
451946937
853943418
34870105
647260026
284817289
904295587
694122349
554748066
868806620
626763074
297981168
520551961
958577248
662057605
1028021741
217861016
566363807
473166878
177817833
889192730
719822438
768584423
708872240
652535363
510275079
548705851
627359689
1032068532
191162657
564783717
272913595
215310347
116664516
43056156
419367038
239662073
666390225
383751612
780580389
523000217
529942339
769916269
808982731
488879043
1034031441
118584089
25346679
1021177515
901583801
947541214
444250829
954314794
690845286
526964169
632349292
810392541
176022378
107605948
699935714
943076802
573935292
80847584
536871928
712810088
433146972
604553533
1027118761
759916397
834621038
81253642
170744444
67580635
948788079
477848399
124092846
134243521
1173278
527379485
265553144
889029213
562316156
949970004
77062297
832280708
120383362
673249738
767449031
138424118
771593847
1049581756
700148653
203864882
90985061
833014883
923485476
595286767
234620420
370194130
310249660
956856335
14433597
557834584
475506505
971540092
987893807
191581365
358471286
523147582
528745309
609877049
285770706
346738558
245094436
52310929
881090451
275800700
55179227
267283944
3156159
10197923
317474674
420388364
1010450644
98463908
149037817
698648230
647958134
618326825
259837306
458328698
917067232
214006688
930020572
317575500
114717242
730158440
522381168
916535314
367202099
535770658
771425514
878876603
991572604
62459856
333762653
941104044
273313716
803136617
113728217
414363168
251337831
396521141
902024269
639603865
481062637
896246620
118329365
328303241
399956531
85783234
244657433
1008684519
689852385
17235006
496740656
995634657
175374004
661985958
127020135
625286507
249176080
1013216739
557168786
737715239
711663858
685431709
155920808
390995682
741237473
291298057
459382753
308045959
189457143
228248741
107672964
748557732
445588875
180037651
820647383
136130984
548670899
286802960
652270112
956034380
302262608
522391028
779943069
455082062
189866549
758937693
953074056
67109745
65181710
797735569
276066251
663174407
64956169
883480869
899247894
240984650
256580495
952703143
16111326
382085759
285538415
141664136
417126892
177972350
797736393
253278502
765438308
743370690
904348855
203737751
704934438
954715165
479533400
93438925
290681430
327803985
519530372
628856593
384814435
829653286
572078697
281351402
199657476
1054014971
838720307
934528806
511771024
352569140
641552042
680616448
144899946
246819207
546838332
161159136
613635082
89871783
269740722
12458403
270393848
428222671
891932320
444721213
465974846
745572255
504407977
702619554
423541714
874413638
245336425
727592224
31092634
489164350
183102805
167204654
677071160
428696983
459724086
1031490207
929561602
967869736
523014452
868437373
52679813
1003851074
463529733
271080441
689167557
816855585
1010317069
41748554
798698484
325270663
1028813900
261547884
376788343
186061277
687190018
667036153
948776004
138485241
83149893
313747044
989232369
78718824
811067667
717345512
1001618437
600525024
647191059
64839882
552094050
480769007
637083611
451935628
822799604
952200962
691667332
673755803
985621180
193491569
158875978
180837966
702439490
393993814
130527879
186735413
907914153
173305967
653621504
700944913
1016380767
333820182
106469059
395407047
167055466
42807531
238940401
822719410
344136897
856059079
440412886
71612629
992128032
985295708
157469359
894144420
206581961
58210542
1049239517
600988290
590227215
276599167
79454630
601692553
424027852
692512516
781159146
367908249
744950906
797485070
589693109
998495180
894467680
775717984
398765990
364931320
632053472
392574124
799362185
219566086
915889712
227131408
277225545
421177408
557459303
872961973
332329840
944097034
97293489
79054984
1771517
533644265
478509313
782949558
583443173
107966708
226524574
671261176
474806808
61282431
875075250
578565924
580671007
889858775
777675227
219504063
2204546
829864649
76683563
60048873
760337516
533551158
783905646
704923229
119554436
1009998349
986221040
107378096
163012870
751286313
731410454
1047821811
510612527
549762599
513419407
425528958
563791937
547808828
1052546837
1054485672
90708328
366462388
950260207
62445765
741711073
249774384
898667633
559696558
282222556
368538280
271618454
906474750
832332983
710748514
595458684
217765830
288980967
416863405
266967412
862530740
90884859
913296927
887464468
500579875
686897830
69420173
1013497372
151645810
527436761
792179278
935405133
126625051
490189621
905245624
604630347
984846956
493277513
740798700
366063455
78436624
738646974
765233783
109765276
949029952
669489870
319947265
1038398762
34681990
888690615
153185282
432729260
476064751
318287434
36287044
453349963
1003186046
274195828
46929570
114789710
1057533856
925072910
756384847
121806829
679617093
194584318
399240997
860701791
799657580
424120036
777793145
931965578
1051058190
918975929
346081795
875118120
976815825
764368454
441894357
532657312
418934842
529254002
17103762
598925431
611052706
111342550
830129473
321196471
72964774
53284553
234402221
74875341
720323539
831517093
704044271
650511317
1062445143
102324869
515013085
456707624
566295983
493632500
946142342
832018417
121330734
231906226
889042499
302589527
131114745
367876267
368786502
340825572
269055650
880799751
855834132
539615952
578182557
520465444
479579930
222318939
592089382
227233103
540768467
611898016
500114665
265842332
25192793
504467368
731158639
1379826
1040609981
260769037
685752209
950996142
834921643
192441041
231372355
130725957
228129097
1047532063
545081340
624016063
714364439
181933973
192083402
280726501
501612768
277133038
345447440
256736955
59939198
60986945
587905508
216348226
546859162
641598686
3768498
929229351
635603562
151661599
969899202
275226257
586943115
989834914
808124518
786400122
368373049
327045322
61408431
799318204
151736995
650987597
633932931
385717015
127805743
322747622
751460614
53670535
925460642
289422336
843858526
427508975
211880891
437824137
195079947
294168091
103873726
184519280
481218177
124470957
976657113
474819422
670108238
710346228
848787774
862728671
95454551
806516247
649830478
480914135
11038235
49284828
727239740
720859010
662686494
795464549
821122415
131001108
282947266
560356647
451378895
108185606
259263608
846963076
623155206
253149581
1020604038
81924307
34341632
217389266
121164890
709965909
210993499
380596539
484869351
373172083
655158577
931460768
1006547782
350556239
909879237
1067297215
974618068
798400187
909623931
163608222
453108319
944531390
415297666
566140398
616254390
340586696
949759017
35450364
746772967
964724331
939474566
730550830
712104557
555944195
1043025465
774952873
833814455
214500242
22193765
351633256
658153172
470199982
939924278
486614064
787238999
349610773
675745653
9720789
164177665
689076639
410556337
924036068
722220407
628043408
314959238
45653963
271234849
1013660667
959579299
122383204
705931212
494626447
634996665
342337797
198215844
489000665
327897834
430888728
190767512
872775348
13043860
168158178
592645718
206367845
379748035
191247303
677545752
580162944
982789751
413562007
518406703
1059266448
69078944
693162392
744134157
727441078
489509817
264442684
738373027
423551311
137244380
566587307
53694503
704813574
289476005
174906159
38746284
942337295
1003350290
1028986511
716852927
465184523
983204636
226484706
707964833
1047853994
168383663
614246814
998130803
38230170
748832146
384867743
484259168
669929631
892897742
1019181454
250348811
389164195
132517089
929918724
872209653
78141255
550322330
62728563
790616757
254919277
394015978
1046025860
476251746
828447734
747974008
868518981
474572335
186604858
547779613
725462848
710039076
978462935
902995845
680695137
357237382
1023804606
753172844
268126594
599408652
827113303
124308803
173056968
528531507
92283094
988315093
765038367
814713746
283384229
429945275
57557062
62870728
1069387450
505245665
81807687
165500179
992915432
519063399
174097986
1049357524
843294929
153265629
700475882
391728970
887108876
388659898
723566233
615559033
531709025
28645157
649592245
960633633
191791435
847184468
565012848
63677577
267343202
849622156
854674551
820087323
389170187
461515180
1073034402
477435393
607819621
760803115
912744179
842514707
322275808
202753200
27436109
533167822
741134193
855845555
770278802
199673903
663371881
747873606
352327261
932682816
122329227
321176717
668439933
222684310
1014911551
218067686
381897667
139543995
468642338
645964817
844852280
690673972
178978329
696264131
457199665
12877926
84343104
168351995
868138199
254931486
1004599863
380682977
116575315
1031263648
340207007
665960229
327632914
930795389
190213373
65015119
548680588
321189108
727837132
840456331
477717759
936507855
80824370
235474548
693496326
743577735
341772149
418411782
127079704
871381897
983747209
871912561
808729271
167088335
958545795
600732514
616624786
627332004
660875328
913868919
92806894
13411435
137151066
479842816
36194281
336037922
47904186
235694765
497213748
444072745
466804589
644197009
534961028
3103601
593454473
909907189
938130833
672692963
865963870
511059434
564313652
138434365
933735260
257951140
145797686
217061898
47652916
440684623
550167161
13323148
775863049
792545879
730729665
96003121
496764806
126039683
347259674
649965449
794935543
957408716
235777541
79938579
395774668
934244021
757737641
145838860
356669464
30276202
637837337
770906184
196333473
140168515
928577650
347718885
397175730
184312253
1034160020
289943494
582320467
15066210
998797759
124312893
286683447
868354812
815172593
327099777
411914759
202999023
33991931
1053816434
907154675
477228047
640026189
137066488
487541792
34140310
630369585
813680539
267501158
1019959118
609673823
306557896
501322710
169860873
77584231
563132007
334688744
773106088
775402025
598479796
1041123975
665511280
296539697
292627913
384563571
497105931
245207811
319475893
434120555
457691308
1034131430
228716321
571597783
708441269
914186532
1384607
519186217
373253506
642323695
16302578
1036231808
264301446
106214363
791975517
187044271
910437359
367662716
666484434
933098971
371552920
72978245
393162306
656063495
290385430
549182571
1063956444
233892801
144458663
936808059
325225284
831048259
840172049
987848320
374687034
799619663
24864274
630099302
1066582728
276223344
738307880
644355128
44710552
405985704
323965801
1066069616
547865116
117502017
89263253
1040703546
1032627614
620024538
399167953
10262879
120863257
618294702
958278780
828199205
11006407
1048535217
226572037
466072904
447988043
411902287
459509034
73844368
229739696
808639157
452135494
802360941
802705545
561339226
237718125
755659473
630374024
597606862
17332368
857138181
698084911
201726373
1046776724
75551070
488827071
746872939
892548353
122944509
851577805
214534748
821503901
353184878
75644686
1019826293
373885699
393583133
245507797
995947634
695096706
996176831
269824091
838791528
427222179
733710439
1018115973
590007651
225265590
738408871
1019451967
682712167
185636768
924007298
853484519
77360395
502921748
652342441
1030909995
765125903
750846956
738643035
150171599
395375943
805229506
709882362
677003521
322772319
597123418
565194473
615855844
85895416
281469302
93768529
402238641
854671658
238813628
494686294
645874704
23821168
602040640
785674839
148588459
148492467
622883129
943982420
75617015
784139672
772459028
357683029
1073351786
182722634
384801399
1008194733
384437409
342772045
240732385
521421494
1070325989
208510463
475620256
879893957
437588995
996052157
94349979
198654991
385063226
932068431
114955978
942659661
596076615
951462686
475750362
345055827
879747036
32603751
307917512
615159919
378924394
195212269
123841543
784479977
254525661
1014946072
55849273
496197739
567951017
610248493
972639172
271152683
537766964
859983713
983809741
748578028
739940230
777015615
156611178
741918028
684037754
1065135977
784320576
480934359
52157064
62436609
514353357
497452119
869636206
7228571
526965537
998613824
328357618
780310296
967832283
884264020
92630807
200358887
367359361
595031392
409542980
277939667
350996388
882636629
762020070
392253102
823401837
65281387
108623663
887176474
253984908
762449528
744310842
946516038
512848500
545611460
895356456
883623375
852019545
661840814
828430565
907607205
889333146
136543313
703465598
515713963
926493809
286672282
525980752
770547268
279047376
414003679
279124096
65309737
32475558
447216826
775576238
532786234
102621508
654296606
719489658
109706496
6392356
49497419
945369810
642680641
672412681
849239503
702324125
402600813
289866315
707980574
709936883
1072493611
887146739
1062337264
634431049
741221688
1032285735
590644936
994049853
305460789
507576977
34704195
798451661
769924271
1067689391
601683456
158529091
58494729
151700100
1053790805
11974430
975797521
999029461
28549305
946187019
577491210
260471291
569194426
945634910
830624724
892501872
743271416
874115134
667674489
377504448
1002053001
331477233
287667275
623342733
87205743
95888433
923152880
555377996
93808730
822442169
484337689
973344944
623249833
108905251
1025382749
314004376
414615440
194952653
215917
591059370
1034982779
246674818
583439924
14550557
234572883
762912576
131852644
535490429
1024497655
338370527
687771450
1042003761
957859494
1064638305
917002464
750829255
914763081
16655073
402856655
174578055
828083174
46200097
567221055
443140621
334468398
958702310
61991528
848561639
953839975
707393136
24435560
173277958
824680728
975730095
640556975
537127156
978537916
267659201
491810429
567168688
8863284
160444235
988419356
899595558
66430763
498384214
658185958
607374761
997916392
595733685
374227465
395870562
58295622
200965866
529412064
207337724
535144097
717080573
663064616
1049468584
649775069
710660364
471709670
72416824
284796675
804555782
956380173
963487664
716598926
519628676
1059538021
826612084
308994088
205781200
289331994
539472428
239279816
862003153
572370615
173035981
777835631
17718988
723321581
715760198
357292032
409742917
933118307
107546585
139939800
1060324390
509096461
819323842
404486624
883650894
419162028
645344989
714477094
480713323
505415981
614430676
400781345
172334044
245194550
637039819
974161259
366247368
500929018
307348845
76020135
774357571
431271056
1051454010
130136795
171390741
60264144
988111332
820700528
265530866
253625596
99835458
719755795
481681666
32228400
408229184
809471898
238964098
23327839
836299328
583858641
773314182
307930661
133555729
425418340
1013632885
757765697
85180654
841773707
564359692
442623132
654303608
464656799
502405485
100956243
300987211
514836429
133527015
477940801
951791122
592383422
381010011
561515511
476380806
948138750
749033383
1072298725
681563923
856861107
585441286
172968933
1002455968
1072942216
834336180
1045861931
157804749
727236255
733444834
446047910
842926862
940242622
1008638168
650714627
565707315
206188762
509358932
52697622
166231079
520968877
693688247
574353604
74236670
1253702
644323593
997231668
519342466
984610654
985536392
749814476
456752205
47655594
307363214
142304782
910401181
706130273
824023153
219783389
923739068
473368781
61961093
211477491
20424851
205875001
601296827
1058641694
125100088
1036000802
712409279
434130816
437232166
963052262
258397380
567761317
913706
115325029
264454425
291239262
201078224
1049187096
74156302
430404404
39232256
1009342210
1021629789
873383509
767205457
863831266
462717335
536804574
937658817
1031589607
417585998
526111836
779757533
895445601
1009125825
482626388
340627493
401468252
308173012
45020325
17005738
981251693
186988897
198269138
860748010
110101889
251663935
759341228
201876385
385116289
150847900
341183977
1031648446
1029718561
277388626
923803779
700535221
1048107088
601128788
100698430
41162516
953045916
54359831
882970926
1067333103
964066622
733871475
274474442
843902386
378749471
160495791
482441532
720425778
421243781
317629362
620863051
931952855
41936434
1060548673
927650235
213542730
279780949
1047232767
986957263
484748977
521320135
527900563
833748736
861289500
254471232
232793787
202918878
680166263
511170013
486463817
648564885
665636837
652379404
438413419
1020159453
681056599
441253400
613355000
379083556
71070756
598791394
708460318
708300325
158577036
317284444
853845080
904823723
598570094
315745716
790480551
446413415
429095922
400533064
476547212
744742598
486020944
12605995
147291572
194919316
128050819
443953472
510763388
997452508
870843971
983234938
374928861
1022227291
913772938
1026481023
841212159
172856117
155990316
517207251
340710334
455874335
889684380
869020082
60262640
537251159
768406061
33981223
727789852
1044785754
817862139
678846032
267097706
856650784
215141488
345232872
584902199
549614080
824415540
1037924060
76914476
864511272
182000204
383759856
921541741
618555677
436121373
994965599
620615102
753113095
216645451
32248725
125589559
946380542
479211219
635129821
239368259
711585655
23091613
886841348
173621020
1031815440
652395710
1073448883
241929184
186592149
738538902
792997141
793564373
438440612
960394371
4419835
488356170
783168139
961885044
594182674
523603204
222956656
937286562
778998802
786475546
60453593
1013946728
746358472
182652495
858624785
198890760
470873885
880087836
1015129101
858597608
665453543
680940972
280654041
957464647
635725322
971584929
1012289450
746513784
396498819
1034161244
943482526
749026083
499634388
561599076
155707341
455811933
793909399
598837621
485682842
870508154
78918161
69730928
820465905
26109155
829538330
487181661
1018776070
43259643
394795437
13735953
120916013
133209776
269286236
157334451
138725158
75439947
395894286
495813020
627209616
368267794
311408509
160348656
1034314951
445055242
977335497
817354306
22604507
505626052
285685690
962366731
828895085
988870987
787981687
874570365
503213705
839351253
846047241
333426789
637959510
828694692
924104108
314654439
593813711
264915404
486318050
15258967
115363545
805226766
156680037
287245650
76906223
227928853
170307148
29620752
656031456
541933722
222901840
717499586
973979913
681441773
589514944
114965974
404678411
546874978
346819692
260002171
679827337
183576774
338302163
980146977
792116264
302906131
676603471
374994370
835268529
437464172
823203206
884115116
509927817
1024198749
508627653
427019558
811353999
592228544
247081984
487444662
1017652566
436460747
1060414306
798513103
306461418
1017523137
812709231
881705327
48629341
313867893
756694942
956713187
261448897
833057115
601748716
996840059
895368031
217497759
742557456
431381028
224828345
306597452
319036515
441599124
1016518259
581283046
848889565
315205058
308360976
311623517
861215016
380029322
354342110
556042777
336819517
657997604
509396577
378818913
737440138
957070880
915564950
417301641
351625654
257333416
389990994
238725391
123630278
676717655
874647395
639413591
469220856
480206665
997819370
806710784
833093213
337376833
695145207
116463065
736964419
713955520
164163522
302719865
46285591
917233052
646314981
449817256
907699204
408196834
612707234
294402527
1071718847
638351786
309138570
563333048
656392811
826998999
314570606
340375977
869710066
703577993
652364599
638151324
777052653
908598389
376043859
49225930
181868745
489741174
898590632
621476128
255339576
56032654
270288179
790111182
860026116
689637947
762682707
361833847
245129709
716489202
511637962
705541470
484425854
320761631
735370752
440558791
361139841
251108844
1058005010
402541040
878418248
217963710
1043266454
45312055
685816207
276837999
156370758
539951005
713025154
280596732
564541103
861427163
736014136
948719956
594969178
965404298
121447170
204841561
212784139
1064924369
393080565
259195055
663248050
783015979
1053052977
1057738993
337349553
992792775
514603867
325323587
12502215
527483203
232050188
938779521
309278188
329270385
95226838
235207306
560961314
452142594
113288535
246818330
498758499
927202116
34151397
1018266625
165819882
1052213212
586617015
131949828
843446211
930654880
490777000
687153620
371698946
218641807
730201088
964336025
137983594
315668638
515911354
349281007
59900843
766337441
843247324
444136825
192332208
31259446
429748608
699289727
21833958
581412844
671651688
311617935
771220013
775188459
559851222
580749930
205236857
154870046
639832361
309649867
603664616
354503168
132135276
1002485730
65963855
159427761
283814678
650913319
241234254
668373193
566429028
178367845
324779042
472152548
331465739
13170358
654510659
1053347342
388727058
401245825
440229419
343234339
162157284
383860483
612921839
489416302
792010814
514498219
597918710
613101413
743762624
617933064
534665063
316472854
984430717
465778464
923720602
943282727
567488144
115730342
47285978
1026740474
632828800
502867389
692254140
828118083
977385561
393410281
532218372
284344578
480418711
571411515
69303355
359659821
545091545
460513049
248282799
964284183
514344305
1057469810
1036021577
524642132
858107044
849680514
286823623
1069505106
759658105
1055864765
516206372
716070758
950091120
361409941
850139653
153363717
976009716
838118556
567859055
868769637
543889552
737469074
338588782
110047691
853253282
1063731108
592824658
848394635
41567869
21225909
980349182
532813341
236635606
804323824
84375188
257079121
186422542
896785925
1069545610
501361893
88031616
373859331
687267979
780320748
905523821
641223146
544243989
988055632
929935846
987174008
619883699
859375460
909123168
376696413
993740475
224148477
490945766
95545823
1062166413
528189040
1046829847
837921537
395484806
324268960
111191765
578779655
506900672
959301482
898865662
199644346
525266984
152698612
166310345
473323005
280783145
587885096
693302319
753302629
1039562366
235580302
496510111
80119626
600692671
770030794
934545267
524910459
897532621
709790005
241941577
147257685
759457793
160913593
868642983
570463728
804012764
966510740
845603021
94867061
556882889
771382462
375100402
1042931815
48055650
867539657
35329495
631723798
454345726
416627838
674931344
963666410
999376024
916745363
3348023
850310281
169490882
336045476
143190453
884566540
592245366
45586442
118737600
635208063
677251286
714013818
307457743
971772040
966530356
242761557
164611286
499198238
590066470
102955864
1003321727
528954862
643533239
1028871453
911899743
69867261
465282987
1037368750
596072543
78991935
1045447984
975847739
325826843
243298256
219521936
1033792468
626818416
646471852
794715865
834806692
177521086
577106399
890218395
886651166
476894321
515387121
939417584
378628322
735993336
232625232
203311161
346612915
40702191
925395719
366975847
25937022
691794219
117081107
519489940
451394747
1056263812
880152926
664511973
819332002
447313811
1016282537
22464208
790160005
682976644
864459737
790922332
866786822
420023311
157530857
136840342
729816356
590910842
188773102
900170145
1072424939
520596263
535831458
121044132
823241406
575630524
259843231
586265627
854485519
8998480
814990163
896904812
511487795
17908404
1027952051
541515764
742786915
1064673811
180033336
402215156
1002230260
605865928
927554254
798771675
1044759949
906186457
79003148
819244561
339917115
843988788
106740170
852127907
620489662
634870921
619131055
185179954
610478875
455744431
392493532
891003965
89234088
352917679
637235862
381727514
239025080
423283630
807638915
543296105
566850308
681337542
517009216
26277280
789713558
553880224
428583592
132323927
813561529
347290309
256849826
933777586
924144074
136639585
5208552
841708704
594821614
1034040513
585810272
320571432
40290007
181167982
111806312
480711517
303233666
532060694
649817385
994759233
650672082
776834691
1064634102
739063799
188789921
132356600
545868249
816105918
875616176
914702396
29123945
732609689
661792172
384539021
233721921
336146376
633891448
106444775
880340239
484584617
1030218712
122922724
414377730
304104061
693072166
537975093
1041132121
887824166
401691072
505791762
542055542
993428714
734407783
857332524
985942786
1031528709
476915067
74234320
125408937
45883965
808055922
1052694575
111687344
613822176
883600165
623659760
770964543
108480650
457998906
699431358
179113457
429800889
525282797
971854959
554643473
802345006
839265298
895846947
557599288
951883180
726076326
457522310
235775104
984221505
616323217
1052772197
1072871646
598101695
938528438
692134779
226232886
56071385
580238122
814862829
562496953
541132541
830394014
490409951
551104019
887276578
732475352
95829770
966739679
682008307
841555518
180461384
459372355
743892568
214137138
874046378
253757358
598855944
11694247
728430145
153327262
468845324
457024787
853716942
144323008
968003405
508527882
375685737
843365053
568604189
196912080
774576625
814128356
456054375
909752002
657632679
944424829
682568534
387332982
362832336
751293130
123560335
658779245
1017952232
317169304
430958993
180391015
293498313
695519910
429242768
902769281
452804149
170091168
521112445
148038235
230372503
566708407
392338062
484778720
552398879
490477396
903136129
888008929
29464371
842637777
805717187
991097780
967399211
43483961
891155067
801108705
54402089
399769481
675736413
985630607
117930973
772318534
29580936
211295570
1044022382
136972866
737454065
125311626
884741896
994693154
380869845
228179446
1017215845
222557491
703398836
794029096
569284349
547908641
264635682
981893270
733829682
953452055
733616492
290657275
663032478
395253096
909973710
404659875
190439376
784381147
219247350
980176554
779907816
943697056
863638567
838348568
155403485
952180428
611233663
311148508
404827969
343401633
307294280
583066384
88796184
284981516
698259460
577199318
722022229
980404128
411875536
927361059
598930451
638675840
3104169
944745166
824146744
806069792
994386492
815902857
235459166
286852355
175229470
1009131526
981110484
14467855
314400501
898207958
1025463452
788904672
1070316928
389810318
843969361
928419711
381482172
17118860
634473166
625508242
44222531
877294528
353089530
394896454
209411211
64803770
42759639
323862294
1033200173
681702700
915102547
501559901
455137461
865465466
396911455
645325960
500846969
816868690
489193247
1037582551
890684857
209506039
386409931
735460870
748700347
714518435
809184672
625465854
333315519
550446116
980020797
5554110
640614103
894716809
872234459
585256433
59277264
327534595
800037136
120995467
796493574
150930012
671670165
198608544
777583703
18246051
268979560
701462038
818987488
304569734
1055276738
643322282
953027650
996311994
528871078
685854947
710564157
1072309352
996439491
896592856
273439327
662964939
581441835
405263213
380323947
779343150
795553515
797350285
114304713
129213963
142643050
916574344
84173060
754121363
319937379
523073707
302264416
465362054
393300432
177310185
316018146
426891771
419351391
669670558
1064430587
745794166
1039929322
653130227
742586954
635289546
451345061
427430746
36682257
188555450
8974861
265639495
558999922
1028969494
547090332
1019410059
207282563
790505062
393016686
796338804
769229844
496010427
854342120
589716777
326167517
263173788
306858264
1065921423
363961477
88014546
766544626
825254244
597128065
666955721
1065940963
621909551
695783744
588156335
983402591
88795557
634232130
268348718
111346980
953416796
716351865
212853702
133598602
178834918
255918789
219432118
408757349
244301892
374939152
705296523
232047459
625963533
1072623435
427661177
134913548
513008054
1069864252
969873692
197880565
8216497
841427225
903079014
831289899
90239238
639812680
63601966
990289904
616080651
75548470
446880032
675552003
635780352
218347339
807086177
97156551
892367858
783028836
730194804
397962433
200145735
687192445
1030151799
290237415
132079938
884913043
1024200977
246267062
108206238
896045855
231340753
375559180
1061423806
876827311
733994925
592407915
661225532
396884810
1011454235
861445658
310306654
1021222104
1036677818
111593206
979840954
489163518
1024109926
1111467
1035050704
409218866
599874626
735627658
887517959
537414438
92126790
242955697
207334428
12595646
785481655
78486051
17362770
743387417
894498575
259484764
1017496670
417363353
216994864
808748407
536146771
205021904
858579306
241380577
316209968
354948013
585506241
528028930
223209894
1006568170
4425722
483916167
348391693
847629594
631907064
117423954
899282699
858976594
21435842
210160586
529689436
662831794
806223270
32214394
601926696
1035500945
636513127
787834234
950842245
630355815
198909874
976743216
533963954
695563273
916876674
604004558
560681497
17532587
78108421
143323247
935512529
708777554
834111917
214165203
907558381
330268502
707343928
87008140
1056765834
389155209
904812813
328307437
728060503
537139973
49754182
186139039
521098477
299923328
196252411
115463480
933375037
270624725
948390352
1020622650
533566099
509174642
95105860
863408950
548906613
436863575
1046846835
655446378
1001606677
302475931
14207402
253293083
81617811
557808182
736381672
998829991
665182486
961933017
350771837
41023435
221734609
293162616
959083875
1019296316
53471623
644730183
999729120
328980847
645656425
631703575
293746870
529840345
53670955
89721163
204051089
166778892
1040970544
326670603
417301468
136335577
311906655
485432249
1038572378
170194239
326778044
379433927
782880618
625525351
208368628
722390490
924432089
351592119
1041087847
651564955
560944716
806163935
481071765
660741790
578273661
436258059
430780621
197328278
711293311
584661386
80158475
22592635
779854887
965596157
297184433
362383485
2065928
759023910
576181285
815339842
960917694
692563124
643697160
707580648
380640450
582684224
137971436
764614672
530554503
68192720
847486497
470710443
566132121
797105667
880422845
292601726
465455173
66590234
624155835
451960693
953777422
872893380
762991361
832273927
748738291
8086694
58767787
425945084
722468408
981153458
206021940
423974757
515903457
143830786
760800630
701059366
789517150
88629646
401091584
238528840
906704619
388277268
132570594
223731394
1013830990
613621670
249160126
176100383
1050072809
481002948
548817508
72101510
646367055
761633905
924920579
626247249
605488408
506728959
160258053
868463395
455107842
413938292
187049690
704926696
194889530
250472887
359171761
29127157
942374503
791613153
188016728
568432288
450892779
897833231
702472669
808853482
778097434
109235281
102997941
1003209592
230292237
44480268
845711221
702377746
708784455
583899636
966683423
970344472
191800171
954241998
362320707
1064603843
437174635
478169269
323271368
485651018
860305794
946341531
499169301
975406958
1072696533
1024500107
872561752
472743250
704791354
152057534
452791253
553117392
93311742
396877377
449231767
742729457
555219974
948229476
856965724
531048151
371760379
296967974
842197758
587712933
826128019
481001815
958018395
894899601
59294367
973013090
34131892
755986615
446702757
344445159
200643233
262958206
150266911
245834394
354798237
776143667
572254593
121642604
898713849
724665024
451960402
591177888
495112639
380148357
665348774
816781006
444509645
893256378
559859904
229376630
35397599
338482610
545748212
397297749
1013043290
187409763
539651700
821517746
535969127
714704855
93220721
236121172
383186297
728204538
551052210
953609993
1002408093
1049369264
593697887
753815511
711472617
23404082
779587145
225389551
733304966
346757881
595993271
558256731
134744240
701559489
356353143
278396267
917068805
163484042
606572968
917347817
417626883
85312208
930622147
134158738
356364403
494366290
244127592
214907390
939358624
991593667
251683199
867547368
475582389
620307021
171917834
993336335
964312592
359224968
398628771
633596643
263564271
895968603
409124472
615662400
678426473
454896993
846183859
534686486
96160732
662923986
458266294
954045615
536689894
867116116
880034683
71827227
1049108506
1026031161
751523418
106605220
765999309
37193021
154371193
182711559
253790435
594823009
78912705
