972868017
718238281
821181118
1050641892
556869749
473310375
891068268
856625271
111183846
406172223
299790870
1059966722
1073589898
232937927
116177608
652747846
935544945
176333460
267941975
584741725
734311750
1064027709
493897173
49396886
229592899
929120813
412471267
73795139
618202980
419246764
963551368
739596842
1005838974
929734891
391852431
765745475
184416677
745238862
1013228891
308833145
160255198
384229192
134882125
772096483
389421654
733841323
11415064
145219492
776529910
149298549
932332085
162111246
665386600
613322107
271502192
627640391
1014032818
925254432
716835017
938758108
893482051
760825908
1054685313
418747684
523646009
913616953
643895485
915526859
571350322
508575266
627037715
799271203
2549894
551330561
465382145
955464617
836006270
1020597484
340736719
334864139
220137128
593865508
301025900
968318545
64999148
542968537
584431611
1049111613
311760486
96241911
659934847
626836440
694727582
661436319
227269798
106459494
593935408
545952919
258829295
974706415
424755449
324492701
375570430
819123251
66736743
91352722
718330189
25574041
739087927
562358908
312931409
697468665
995724223
91036817
38633304
273776651
147762782
834891992
35146960
461992689
208922068
146138207
749987218
508773036
1035291215
612866050
841251150
58765848
71078869
242683824
624905661
902403922
825543164
852276215
100009783
50220241
709555959
714036727
491087926
401542504
479028094
287911589
832570370
810889499
446902185
157916438
351110978
266498559
608000390
604555562
398041450
471963647
798674212
650722524
669089417
825209846
963123277
39651098
550079841
400447258
366571298
199840640
629354450
894359874
801933868
724755679
758832198
491505791
748400639
635135114
91490928
847540878
551540383
968793107
461176964
12248623
827154431
937717655
669380450
139005502
868761041
299945738
778083959
637312128
416337599
500524968
516002425
71716926
122639721
57288117
56088584
482102457
869181561
96846178
1068908588
90480247
864403290
74386369
1015688660
392614647
909117832
530253143
465938553
109032082
266184828
914857327
746960421
928955008
748199097
192233979
800300285
504227489
85185681
713286923
624784029
132633253
857123517
716425056
276476188
744714724
689910041
360493724
797507779
639483170
472920636
333228891
447489720
583241349
78021481
541274858
886280402
207362638
1014350766
80010383
103067954
599191954
380737216
599228606
959748407
723585165
453343208
464207115
893364194
162907310
69252359
791400508
257060880
751170793
502352931
656784899
93236769
729887946
751568515
740835118
7707660
1052357133
780096021
75469821
1047163012
1035271556
769952546
785649323
1062074849
346311849
361317013
800570222
228790649
652974621
649730107
714952811
42033154
885895072
481746830
170279519
9082015
842397626
694660722
319520109
358824699
1030124256
10810587
154357470
474942253
457873727
874937503
408413296
338486623
236068812
903306062
694777310
278085556
638481025
947081702
197972501
761187846
143244133
625924060
311437127
195940175
127193845
318821268
56606326
820455832
296356900
141350919
469422754
298528783
735651917
115638997
45774390
223184131
356044607
759607190
927538989
445389383
107921168
839719335
774993285
79040981
228024733
697678077
832197939
740819466
301767465
110369336
844119008
1662613
655168215
443510058
335997140
1057981986
49534341
844703500
929821170
183687981
446229887
714331833
27185138
607699677
494093847
152056104
73418978
866301617
33131256
1036957830
405563005
755501216
707970181
1058466228
240322970
324920014
230217838
610011062
430048414
686557350
493181091
345946161
391712731
229907674
320375423
254306973
380353211
76913975
385514149
587259077
909927494
206905263
490030554
213859235
252814179
692322143
157606229
905601768
307178236
975492580
337467034
739524116
327952615
390897693
70730570
936833526
218036902
240864864
69417226
724105340
853867382
981991312
625514486
156786115
628128490
967459192
837511040
133792307
602739782
42294163
75557456
486327052
821682156
599345724
964367175
691628114
109171757
449095593
6745388
752369830
17752617
84242433
921700726
119459203
1025454174
183052026
243700870
125231491
1003287066
1003787586
555832727
473267983
806453659
598719713
654255508
210840279
1017585631
418875592
45125004
1057490638
855503444
769626759
609599683
185237051
690811399
647827129
709324128
966261972
128105060
334185740
348607507
1065045299
676410541
428983636
899861493
89857598
262467536
416491961
365728341
1072252799
824468247
215438256
778265041
239877372
295625512
485162853
567381634
1008933669
150200481
183722454
406959273
372800885
832878640
949331808
491019186
200276301
329071379
265477579
84243135
107557465
185783276
476587743
149348102
580320145
63341610
557841866
801729442
75182356
182687310
1038586037
1067154121
449192467
1050192213
108648020
223679030
401134407
551651997
325405516
613013724
